#       r             R(r)          X(r)=rR(r)          Veff
  3.354626e-04   6.846454e-05   2.296729e-08   1.776626e+07
  3.388341e-04   6.915250e-05   2.343122e-08   1.741440e+07
  3.422394e-04   6.984738e-05   2.390453e-08   1.706952e+07
  3.456790e-04   7.054923e-05   2.438739e-08   1.673146e+07
  3.491531e-04   7.125814e-05   2.488000e-08   1.640010e+07
  3.526622e-04   7.197417e-05   2.538257e-08   1.607530e+07
  3.562065e-04   7.269739e-05   2.589528e-08   1.575693e+07
  3.597864e-04   7.342788e-05   2.641836e-08   1.544487e+07
  3.634023e-04   7.416571e-05   2.695199e-08   1.513898e+07
  3.670546e-04   7.491095e-05   2.749641e-08   1.483916e+07
  3.707435e-04   7.566368e-05   2.805182e-08   1.454527e+07
  3.744696e-04   7.642397e-05   2.861845e-08   1.425720e+07
  3.782331e-04   7.719190e-05   2.919653e-08   1.397484e+07
  3.820344e-04   7.796754e-05   2.978628e-08   1.369806e+07
  3.858739e-04   7.875098e-05   3.038795e-08   1.342677e+07
  3.897520e-04   7.954229e-05   3.100176e-08   1.316085e+07
  3.936690e-04   8.034154e-05   3.162798e-08   1.290020e+07
  3.976255e-04   8.114883e-05   3.226684e-08   1.264471e+07
  4.016217e-04   8.196422e-05   3.291861e-08   1.239428e+07
  4.056580e-04   8.278781e-05   3.358354e-08   1.214881e+07
  4.097350e-04   8.361967e-05   3.426190e-08   1.190819e+07
  4.138529e-04   8.445989e-05   3.495397e-08   1.167235e+07
  4.180122e-04   8.530855e-05   3.566001e-08   1.144117e+07
  4.222133e-04   8.616573e-05   3.638031e-08   1.121458e+07
  4.264566e-04   8.703153e-05   3.711517e-08   1.099247e+07
  4.307425e-04   8.790602e-05   3.786486e-08   1.077475e+07
  4.350716e-04   8.878930e-05   3.862970e-08   1.056135e+07
  4.394441e-04   8.968145e-05   3.940998e-08   1.035218e+07
  4.438606e-04   9.058256e-05   4.020603e-08   1.014715e+07
  4.483215e-04   9.149273e-05   4.101815e-08   9.946176e+06
  4.528272e-04   9.241204e-05   4.184668e-08   9.749185e+06
  4.573782e-04   9.334058e-05   4.269194e-08   9.556095e+06
  4.619749e-04   9.427845e-05   4.355428e-08   9.366828e+06
  4.666178e-04   9.522575e-05   4.443403e-08   9.181310e+06
  4.713074e-04   9.618255e-05   4.533155e-08   8.999466e+06
  4.760441e-04   9.714897e-05   4.624720e-08   8.821222e+06
  4.808285e-04   9.812510e-05   4.718134e-08   8.646509e+06
  4.856609e-04   9.911104e-05   4.813435e-08   8.475256e+06
  4.905418e-04   1.001069e-04   4.910661e-08   8.307394e+06
  4.954719e-04   1.011127e-04   5.009851e-08   8.142856e+06
  5.004514e-04   1.021287e-04   5.111044e-08   7.981577e+06
  5.054811e-04   1.031548e-04   5.214280e-08   7.823492e+06
  5.105612e-04   1.041913e-04   5.319602e-08   7.668538e+06
  5.156924e-04   1.052381e-04   5.427051e-08   7.516652e+06
  5.208752e-04   1.062955e-04   5.536671e-08   7.367774e+06
  5.261101e-04   1.073635e-04   5.648504e-08   7.221844e+06
  5.313976e-04   1.084423e-04   5.762596e-08   7.078805e+06
  5.367383e-04   1.095318e-04   5.878993e-08   6.938598e+06
  5.421326e-04   1.106324e-04   5.997740e-08   6.801168e+06
  5.475811e-04   1.117439e-04   6.118886e-08   6.666459e+06
  5.530844e-04   1.128667e-04   6.242478e-08   6.534419e+06
  5.586430e-04   1.140007e-04   6.368567e-08   6.404993e+06
  5.642574e-04   1.151461e-04   6.497203e-08   6.278130e+06
  5.699283e-04   1.163030e-04   6.628436e-08   6.153780e+06
  5.756562e-04   1.174715e-04   6.762320e-08   6.031892e+06
  5.814416e-04   1.186518e-04   6.898908e-08   5.912419e+06
  5.872852e-04   1.198439e-04   7.038254e-08   5.795311e+06
  5.931875e-04   1.210480e-04   7.180415e-08   5.680523e+06
  5.991491e-04   1.222642e-04   7.325448e-08   5.568008e+06
  6.051707e-04   1.234926e-04   7.473409e-08   5.457721e+06
  6.112528e-04   1.247333e-04   7.624359e-08   5.349618e+06
  6.173960e-04   1.259865e-04   7.778357e-08   5.243656e+06
  6.236009e-04   1.272523e-04   7.935466e-08   5.139793e+06
  6.298682e-04   1.285308e-04   8.095747e-08   5.037987e+06
  6.361985e-04   1.298222e-04   8.259266e-08   4.938197e+06
  6.425924e-04   1.311265e-04   8.426087e-08   4.840383e+06
  6.490505e-04   1.324439e-04   8.596278e-08   4.744506e+06
  6.555736e-04   1.337745e-04   8.769906e-08   4.650528e+06
  6.621622e-04   1.351186e-04   8.947040e-08   4.558412e+06
  6.688171e-04   1.364761e-04   9.127752e-08   4.468119e+06
  6.755388e-04   1.378472e-04   9.312113e-08   4.379615e+06
  6.823281e-04   1.392321e-04   9.500198e-08   4.292864e+06
  6.891856e-04   1.406309e-04   9.692082e-08   4.207831e+06
  6.961120e-04   1.420438e-04   9.887841e-08   4.124481e+06
  7.031080e-04   1.434709e-04   1.008755e-07   4.042783e+06
  7.101744e-04   1.449123e-04   1.029130e-07   3.962702e+06
  7.173118e-04   1.463681e-04   1.049916e-07   3.884208e+06
  7.245209e-04   1.478386e-04   1.071122e-07   3.807268e+06
  7.318024e-04   1.493239e-04   1.092756e-07   3.731852e+06
  7.391572e-04   1.508241e-04   1.114827e-07   3.657929e+06
  7.465858e-04   1.523393e-04   1.137344e-07   3.585471e+06
  7.540891e-04   1.538698e-04   1.160315e-07   3.514447e+06
  7.616678e-04   1.554156e-04   1.183751e-07   3.444830e+06
  7.693227e-04   1.569770e-04   1.207659e-07   3.376592e+06
  7.770546e-04   1.585540e-04   1.232051e-07   3.309706e+06
  7.848641e-04   1.601469e-04   1.256935e-07   3.244144e+06
  7.927521e-04   1.617557e-04   1.282322e-07   3.179880e+06
  8.007194e-04   1.633807e-04   1.308221e-07   3.116890e+06
  8.087668e-04   1.650221e-04   1.334644e-07   3.055146e+06
  8.168950e-04   1.666799e-04   1.361600e-07   2.994626e+06
  8.251049e-04   1.683544e-04   1.389100e-07   2.935304e+06
  8.333974e-04   1.700457e-04   1.417156e-07   2.877158e+06
  8.417731e-04   1.717539e-04   1.445778e-07   2.820162e+06
  8.502331e-04   1.734793e-04   1.474979e-07   2.764296e+06
  8.587781e-04   1.752221e-04   1.504769e-07   2.709536e+06
  8.674090e-04   1.769823e-04   1.535161e-07   2.655861e+06
  8.761266e-04   1.787603e-04   1.566166e-07   2.603249e+06
  8.849318e-04   1.805560e-04   1.597798e-07   2.551678e+06
  8.938255e-04   1.823698e-04   1.630068e-07   2.501129e+06
  9.028086e-04   1.842019e-04   1.662990e-07   2.451582e+06
  9.118820e-04   1.860523e-04   1.696577e-07   2.403015e+06
  9.210465e-04   1.879213e-04   1.730842e-07   2.355411e+06
  9.303032e-04   1.898090e-04   1.765800e-07   2.308749e+06
  9.396529e-04   1.917158e-04   1.801463e-07   2.263012e+06
  9.490966e-04   1.936416e-04   1.837846e-07   2.218180e+06
  9.586352e-04   1.955868e-04   1.874964e-07   2.174236e+06
  9.682696e-04   1.975515e-04   1.912831e-07   2.131163e+06
  9.780009e-04   1.995360e-04   1.951464e-07   2.088943e+06
  9.878299e-04   2.015404e-04   1.990876e-07   2.047559e+06
  9.977578e-04   2.035649e-04   2.031084e-07   2.006995e+06
  1.007785e-03   2.056097e-04   2.072105e-07   1.967234e+06
  1.017914e-03   2.076751e-04   2.113953e-07   1.928260e+06
  1.028144e-03   2.097612e-04   2.156647e-07   1.890059e+06
  1.038477e-03   2.118682e-04   2.200203e-07   1.852614e+06
  1.048914e-03   2.139964e-04   2.244638e-07   1.815911e+06
  1.059456e-03   2.161460e-04   2.289971e-07   1.779935e+06
  1.070103e-03   2.183171e-04   2.336219e-07   1.744671e+06
  1.080858e-03   2.205100e-04   2.383401e-07   1.710106e+06
  1.091721e-03   2.227250e-04   2.431535e-07   1.676225e+06
  1.102693e-03   2.249622e-04   2.480642e-07   1.643016e+06
  1.113775e-03   2.272218e-04   2.530740e-07   1.610464e+06
  1.124969e-03   2.295042e-04   2.581850e-07   1.578557e+06
  1.136275e-03   2.318094e-04   2.633992e-07   1.547282e+06
  1.147695e-03   2.341378e-04   2.687187e-07   1.516626e+06
  1.159229e-03   2.364896e-04   2.741456e-07   1.486578e+06
  1.170880e-03   2.388649e-04   2.796821e-07   1.457125e+06
  1.182647e-03   2.412641e-04   2.853303e-07   1.428255e+06
  1.194533e-03   2.436874e-04   2.910927e-07   1.399957e+06
  1.206538e-03   2.461351e-04   2.969713e-07   1.372219e+06
  1.218664e-03   2.486072e-04   3.029687e-07   1.345031e+06
  1.230912e-03   2.511042e-04   3.090872e-07   1.318382e+06
  1.243283e-03   2.536263e-04   3.153292e-07   1.292260e+06
  1.255778e-03   2.561737e-04   3.216973e-07   1.266656e+06
  1.268399e-03   2.587467e-04   3.281939e-07   1.241558e+06
  1.281146e-03   2.613454e-04   3.348218e-07   1.216958e+06
  1.294022e-03   2.639703e-04   3.415834e-07   1.192846e+06
  1.307027e-03   2.666215e-04   3.484816e-07   1.169211e+06
  1.320163e-03   2.692993e-04   3.555191e-07   1.146044e+06
  1.333431e-03   2.720040e-04   3.626986e-07   1.123335e+06
  1.346832e-03   2.747359e-04   3.700231e-07   1.101077e+06
  1.360368e-03   2.774952e-04   3.774955e-07   1.079260e+06
  1.374040e-03   2.802821e-04   3.851188e-07   1.057874e+06
  1.387849e-03   2.830970e-04   3.928960e-07   1.036913e+06
  1.401797e-03   2.859402e-04   4.008303e-07   1.016366e+06
  1.415886e-03   2.888119e-04   4.089247e-07   9.962269e+05
  1.430116e-03   2.917125e-04   4.171825e-07   9.764863e+05
  1.444488e-03   2.946421e-04   4.256071e-07   9.571368e+05
  1.459006e-03   2.976011e-04   4.342018e-07   9.381706e+05
  1.473669e-03   3.005899e-04   4.429700e-07   9.195801e+05
  1.488480e-03   3.036086e-04   4.519153e-07   9.013578e+05
  1.503439e-03   3.066576e-04   4.610411e-07   8.834965e+05
  1.518549e-03   3.097373e-04   4.703512e-07   8.659890e+05
  1.533811e-03   3.128478e-04   4.798493e-07   8.488283e+05
  1.549226e-03   3.159895e-04   4.895391e-07   8.320075e+05
  1.564796e-03   3.191628e-04   4.994245e-07   8.155199e+05
  1.580522e-03   3.223679e-04   5.095096e-07   7.993590e+05
  1.596407e-03   3.256051e-04   5.197982e-07   7.835181e+05
  1.612451e-03   3.288749e-04   5.302946e-07   7.679911e+05
  1.628656e-03   3.321775e-04   5.410029e-07   7.527716e+05
  1.645025e-03   3.355131e-04   5.519273e-07   7.378537e+05
  1.661557e-03   3.388823e-04   5.630724e-07   7.232312e+05
  1.678256e-03   3.422853e-04   5.744424e-07   7.088984e+05
  1.695123e-03   3.457224e-04   5.860419e-07   6.948495e+05
  1.712159e-03   3.491940e-04   5.978757e-07   6.810790e+05
  1.729367e-03   3.527004e-04   6.099483e-07   6.675812e+05
  1.746747e-03   3.562420e-04   6.222647e-07   6.543508e+05
  1.764302e-03   3.598191e-04   6.348297e-07   6.413825e+05
  1.782034e-03   3.634322e-04   6.476484e-07   6.286711e+05
  1.799944e-03   3.670814e-04   6.607258e-07   6.162116e+05
  1.818033e-03   3.707673e-04   6.740673e-07   6.039988e+05
  1.836305e-03   3.744901e-04   6.876780e-07   5.920280e+05
  1.854760e-03   3.782503e-04   7.015636e-07   5.802943e+05
  1.873401e-03   3.820483e-04   7.157294e-07   5.687931e+05
  1.892229e-03   3.858843e-04   7.301813e-07   5.575197e+05
  1.911246e-03   3.897588e-04   7.449248e-07   5.464697e+05
  1.930454e-03   3.936721e-04   7.599660e-07   5.356385e+05
  1.949856e-03   3.976247e-04   7.753108e-07   5.250220e+05
  1.969452e-03   4.016170e-04   7.909654e-07   5.146158e+05
  1.989245e-03   4.056493e-04   8.069360e-07   5.044157e+05
  2.009237e-03   4.097221e-04   8.232289e-07   4.944177e+05
  2.029431e-03   4.138357e-04   8.398508e-07   4.846177e+05
  2.049827e-03   4.179905e-04   8.568081e-07   4.750120e+05
  2.070428e-03   4.221870e-04   8.741078e-07   4.655965e+05
  2.091236e-03   4.264256e-04   8.917567e-07   4.563675e+05
  2.112253e-03   4.307068e-04   9.097618e-07   4.473214e+05
  2.133482e-03   4.350308e-04   9.281303e-07   4.384545e+05
  2.154924e-03   4.393983e-04   9.468697e-07   4.297633e+05
  2.176581e-03   4.438095e-04   9.659872e-07   4.212443e+05
  2.198456e-03   4.482649e-04   9.854907e-07   4.128941e+05
  2.220551e-03   4.527651e-04   1.005388e-06   4.047092e+05
  2.242868e-03   4.573103e-04   1.025687e-06   3.966866e+05
  2.265409e-03   4.619012e-04   1.046395e-06   3.888229e+05
  2.288177e-03   4.665380e-04   1.067521e-06   3.811150e+05
  2.311173e-03   4.712214e-04   1.089074e-06   3.735598e+05
  2.334401e-03   4.759517e-04   1.111062e-06   3.661543e+05
  2.357862e-03   4.807295e-04   1.133494e-06   3.588955e+05
  2.381559e-03   4.855551e-04   1.156378e-06   3.517805e+05
  2.405494e-03   4.904292e-04   1.179724e-06   3.448065e+05
  2.429670e-03   4.953521e-04   1.203542e-06   3.379707e+05
  2.454088e-03   5.003244e-04   1.227840e-06   3.312703e+05
  2.478752e-03   5.053465e-04   1.252629e-06   3.247027e+05
  2.503664e-03   5.104189e-04   1.277918e-06   3.182652e+05
  2.528826e-03   5.155422e-04   1.303717e-06   3.119553e+05
  2.554241e-03   5.207169e-04   1.330037e-06   3.057704e+05
  2.579912e-03   5.259434e-04   1.356888e-06   2.997080e+05
  2.605841e-03   5.312224e-04   1.384281e-06   2.937657e+05
  2.632030e-03   5.365542e-04   1.412227e-06   2.879412e+05
  2.658482e-03   5.419395e-04   1.440736e-06   2.822321e+05
  2.685200e-03   5.473788e-04   1.469822e-06   2.766361e+05
  2.712187e-03   5.528726e-04   1.499494e-06   2.711510e+05
  2.739445e-03   5.584214e-04   1.529765e-06   2.657746e+05
  2.766977e-03   5.640259e-04   1.560646e-06   2.605047e+05
  2.794785e-03   5.696865e-04   1.592152e-06   2.553393e+05
  2.822873e-03   5.754039e-04   1.624292e-06   2.502762e+05
  2.851244e-03   5.811785e-04   1.657082e-06   2.453134e+05
  2.879899e-03   5.870111e-04   1.690533e-06   2.404490e+05
  2.908843e-03   5.929021e-04   1.724659e-06   2.356809e+05
  2.938077e-03   5.988521e-04   1.759473e-06   2.310073e+05
  2.967605e-03   6.048617e-04   1.794991e-06   2.264264e+05
  2.997430e-03   6.109316e-04   1.831225e-06   2.219362e+05
  3.027555e-03   6.170622e-04   1.868190e-06   2.175350e+05
  3.057982e-03   6.232543e-04   1.905901e-06   2.132210e+05
  3.088715e-03   6.295085e-04   1.944372e-06   2.089925e+05
  3.119758e-03   6.358253e-04   1.983621e-06   2.048478e+05
  3.151112e-03   6.422053e-04   2.023661e-06   2.007852e+05
  3.182781e-03   6.486493e-04   2.064509e-06   1.968032e+05
  3.214768e-03   6.551579e-04   2.106181e-06   1.929000e+05
  3.247077e-03   6.617316e-04   2.148694e-06   1.890742e+05
  3.279711e-03   6.683713e-04   2.192064e-06   1.853242e+05
  3.312673e-03   6.750774e-04   2.236310e-06   1.816485e+05
  3.345965e-03   6.818507e-04   2.281449e-06   1.780457e+05
  3.379593e-03   6.886918e-04   2.327498e-06   1.745143e+05
  3.413558e-03   6.956014e-04   2.374476e-06   1.710528e+05
  3.447865e-03   7.025803e-04   2.422402e-06   1.676600e+05
  3.482517e-03   7.096291e-04   2.471295e-06   1.643344e+05
  3.517517e-03   7.167484e-04   2.521175e-06   1.610747e+05
  3.552868e-03   7.239391e-04   2.572060e-06   1.578796e+05
  3.588575e-03   7.312017e-04   2.623972e-06   1.547478e+05
  3.624641e-03   7.385371e-04   2.676932e-06   1.516781e+05
  3.661069e-03   7.459459e-04   2.730960e-06   1.486693e+05
  3.697864e-03   7.534289e-04   2.786078e-06   1.457200e+05
  3.735028e-03   7.609869e-04   2.842307e-06   1.428293e+05
  3.772566e-03   7.686205e-04   2.899671e-06   1.399958e+05
  3.810480e-03   7.763306e-04   2.958192e-06   1.372184e+05
  3.848776e-03   7.841178e-04   3.017894e-06   1.344962e+05
  3.887457e-03   7.919830e-04   3.078800e-06   1.318278e+05
  3.926527e-03   7.999269e-04   3.140935e-06   1.292124e+05
  3.965989e-03   8.079504e-04   3.204322e-06   1.266488e+05
  4.005848e-03   8.160542e-04   3.268989e-06   1.241360e+05
  4.046107e-03   8.242390e-04   3.334960e-06   1.216731e+05
  4.086771e-03   8.325059e-04   3.402261e-06   1.192589e+05
  4.127844e-03   8.408554e-04   3.470920e-06   1.168926e+05
  4.169330e-03   8.492885e-04   3.540964e-06   1.145732e+05
  4.211232e-03   8.578061e-04   3.612420e-06   1.122998e+05
  4.253556e-03   8.664088e-04   3.685318e-06   1.100714e+05
  4.296305e-03   8.750977e-04   3.759686e-06   1.078872e+05
  4.339483e-03   8.838735e-04   3.835554e-06   1.057463e+05
  4.383096e-03   8.927371e-04   3.912952e-06   1.036479e+05
  4.427147e-03   9.016894e-04   3.991911e-06   1.015910e+05
  4.471640e-03   9.107312e-04   4.072462e-06   9.957491e+04
  4.516581e-03   9.198636e-04   4.154638e-06   9.759879e+04
  4.561973e-03   9.290873e-04   4.238471e-06   9.566184e+04
  4.607822e-03   9.384032e-04   4.323995e-06   9.376329e+04
  4.654131e-03   9.478124e-04   4.411243e-06   9.190238e+04
  4.700906e-03   9.573157e-04   4.500251e-06   9.007836e+04
  4.748151e-03   9.669140e-04   4.591054e-06   8.829049e+04
  4.795871e-03   9.766084e-04   4.683687e-06   8.653808e+04
  4.844070e-03   9.863997e-04   4.778189e-06   8.482040e+04
  4.892754e-03   9.962889e-04   4.874596e-06   8.313677e+04
  4.941927e-03   1.006277e-03   4.972947e-06   8.148653e+04
  4.991594e-03   1.016365e-03   5.073281e-06   7.986900e+04
  5.041760e-03   1.026554e-03   5.175639e-06   7.828354e+04
  5.092431e-03   1.036845e-03   5.280060e-06   7.672952e+04
  5.143611e-03   1.047238e-03   5.386586e-06   7.520630e+04
  5.195305e-03   1.057736e-03   5.495260e-06   7.371329e+04
  5.247518e-03   1.068338e-03   5.606126e-06   7.224987e+04
  5.300257e-03   1.079047e-03   5.719226e-06   7.081547e+04
  5.353525e-03   1.089863e-03   5.834607e-06   6.940952e+04
  5.407329e-03   1.100786e-03   5.952314e-06   6.803144e+04
  5.461674e-03   1.111819e-03   6.072393e-06   6.668068e+04
  5.516564e-03   1.122962e-03   6.194894e-06   6.535671e+04
  5.572007e-03   1.134217e-03   6.319864e-06   6.405899e+04
  5.628006e-03   1.145584e-03   6.447353e-06   6.278700e+04
  5.684569e-03   1.157064e-03   6.577412e-06   6.154023e+04
  5.741700e-03   1.168660e-03   6.710093e-06   6.031819e+04
  5.799405e-03   1.180371e-03   6.845448e-06   5.912037e+04
  5.857690e-03   1.192199e-03   6.983532e-06   5.794632e+04
  5.916560e-03   1.204145e-03   7.124399e-06   5.679554e+04
  5.976023e-03   1.216211e-03   7.268105e-06   5.566758e+04
  6.036083e-03   1.228397e-03   7.414708e-06   5.456199e+04
  6.096747e-03   1.240705e-03   7.564266e-06   5.347833e+04
  6.158020e-03   1.253136e-03   7.716838e-06   5.241615e+04
  6.219909e-03   1.265691e-03   7.872484e-06   5.137505e+04
  6.282420e-03   1.278372e-03   8.031268e-06   5.035458e+04
  6.345560e-03   1.291179e-03   8.193252e-06   4.935436e+04
  6.409333e-03   1.304114e-03   8.358500e-06   4.837397e+04
  6.473748e-03   1.317178e-03   8.527078e-06   4.741303e+04
  6.538811e-03   1.330372e-03   8.699054e-06   4.647115e+04
  6.604527e-03   1.343699e-03   8.874495e-06   4.554794e+04
  6.670903e-03   1.357158e-03   9.053471e-06   4.464305e+04
  6.737947e-03   1.370752e-03   9.236053e-06   4.375611e+04
  6.805664e-03   1.384481e-03   9.422315e-06   4.288675e+04
  6.874063e-03   1.398348e-03   9.612330e-06   4.203464e+04
  6.943148e-03   1.412353e-03   9.806173e-06   4.119943e+04
  7.012928e-03   1.426497e-03   1.000392e-05   4.038079e+04
  7.083409e-03   1.440783e-03   1.020565e-05   3.957839e+04
  7.154598e-03   1.455211e-03   1.041145e-05   3.879190e+04
  7.226503e-03   1.469784e-03   1.062140e-05   3.802102e+04
  7.299131e-03   1.484501e-03   1.083557e-05   3.726543e+04
  7.372488e-03   1.499366e-03   1.105406e-05   3.652482e+04
  7.446583e-03   1.514378e-03   1.127694e-05   3.579891e+04
  7.521422e-03   1.529541e-03   1.150432e-05   3.508740e+04
  7.597014e-03   1.544855e-03   1.173628e-05   3.439000e+04
  7.673365e-03   1.560321e-03   1.197291e-05   3.370644e+04
  7.750484e-03   1.575942e-03   1.221431e-05   3.303644e+04
  7.828378e-03   1.591718e-03   1.246057e-05   3.237973e+04
  7.907054e-03   1.607652e-03   1.271179e-05   3.173606e+04
  7.986521e-03   1.623745e-03   1.296807e-05   3.110515e+04
  8.066787e-03   1.639998e-03   1.322951e-05   3.048676e+04
  8.147860e-03   1.656413e-03   1.349622e-05   2.988064e+04
  8.229747e-03   1.672992e-03   1.376830e-05   2.928654e+04
  8.312457e-03   1.689736e-03   1.404586e-05   2.870424e+04
  8.395999e-03   1.706647e-03   1.432900e-05   2.813348e+04
  8.480380e-03   1.723726e-03   1.461785e-05   2.757406e+04
  8.565609e-03   1.740975e-03   1.491252e-05   2.702573e+04
  8.651695e-03   1.758397e-03   1.521311e-05   2.648829e+04
  8.738646e-03   1.775992e-03   1.551976e-05   2.596150e+04
  8.826471e-03   1.793762e-03   1.583259e-05   2.544518e+04
  8.915179e-03   1.811709e-03   1.615171e-05   2.493910e+04
  9.004778e-03   1.829835e-03   1.647726e-05   2.444306e+04
  9.095277e-03   1.848142e-03   1.680936e-05   2.395687e+04
  9.186686e-03   1.866631e-03   1.714815e-05   2.348032e+04
  9.279014e-03   1.885304e-03   1.749376e-05   2.301324e+04
  9.372270e-03   1.904162e-03   1.784632e-05   2.255542e+04
  9.466462e-03   1.923209e-03   1.820599e-05   2.210669e+04
  9.561602e-03   1.942445e-03   1.857289e-05   2.166687e+04
  9.657698e-03   1.961873e-03   1.894717e-05   2.123578e+04
  9.754759e-03   1.981494e-03   1.932899e-05   2.081324e+04
  9.852796e-03   2.001310e-03   1.971850e-05   2.039909e+04
  9.951818e-03   2.021323e-03   2.011584e-05   1.999316e+04
  1.005184e-02   2.041536e-03   2.052118e-05   1.959529e+04
  1.015286e-02   2.061950e-03   2.093468e-05   1.920532e+04
  1.025490e-02   2.082566e-03   2.135650e-05   1.882309e+04
  1.035796e-02   2.103388e-03   2.178681e-05   1.844844e+04
  1.046206e-02   2.124417e-03   2.222577e-05   1.808124e+04
  1.056720e-02   2.145655e-03   2.267357e-05   1.772132e+04
  1.067341e-02   2.167104e-03   2.313038e-05   1.736855e+04
  1.078068e-02   2.188766e-03   2.359638e-05   1.702278e+04
  1.088902e-02   2.210644e-03   2.407175e-05   1.668388e+04
  1.099846e-02   2.232739e-03   2.455669e-05   1.635171e+04
  1.110900e-02   2.255054e-03   2.505139e-05   1.602613e+04
  1.122064e-02   2.277590e-03   2.555603e-05   1.570702e+04
  1.133341e-02   2.300351e-03   2.607083e-05   1.539425e+04
  1.144732e-02   2.323337e-03   2.659598e-05   1.508768e+04
  1.156236e-02   2.346552e-03   2.713169e-05   1.478720e+04
  1.167857e-02   2.369998e-03   2.767818e-05   1.449269e+04
  1.179594e-02   2.393676e-03   2.823566e-05   1.420403e+04
  1.191449e-02   2.417590e-03   2.880435e-05   1.392110e+04
  1.203423e-02   2.441741e-03   2.938448e-05   1.364379e+04
  1.215518e-02   2.466132e-03   2.997627e-05   1.337199e+04
  1.227734e-02   2.490765e-03   3.057996e-05   1.310559e+04
  1.240073e-02   2.515642e-03   3.119579e-05   1.284447e+04
  1.252536e-02   2.540766e-03   3.182401e-05   1.258855e+04
  1.265124e-02   2.566140e-03   3.246485e-05   1.233770e+04
  1.277839e-02   2.591765e-03   3.311858e-05   1.209184e+04
  1.290681e-02   2.617645e-03   3.378545e-05   1.185087e+04
  1.303653e-02   2.643781e-03   3.446573e-05   1.161468e+04
  1.316755e-02   2.670177e-03   3.515968e-05   1.138318e+04
  1.329988e-02   2.696834e-03   3.586758e-05   1.115628e+04
  1.343355e-02   2.723755e-03   3.658970e-05   1.093389e+04
  1.356856e-02   2.750944e-03   3.732634e-05   1.071592e+04
  1.370493e-02   2.778402e-03   3.807779e-05   1.050228e+04
  1.384266e-02   2.806132e-03   3.884434e-05   1.029288e+04
  1.398178e-02   2.834137e-03   3.962629e-05   1.008765e+04
  1.412230e-02   2.862419e-03   4.042395e-05   9.886488e+03
  1.426423e-02   2.890982e-03   4.123764e-05   9.689327e+03
  1.440759e-02   2.919828e-03   4.206768e-05   9.496084e+03
  1.455239e-02   2.948959e-03   4.291440e-05   9.306682e+03
  1.469864e-02   2.978379e-03   4.377813e-05   9.121043e+03
  1.484637e-02   3.008090e-03   4.465921e-05   8.939094e+03
  1.499558e-02   3.038095e-03   4.555798e-05   8.760761e+03
  1.514628e-02   3.068397e-03   4.647481e-05   8.585972e+03
  1.529851e-02   3.098999e-03   4.741006e-05   8.414658e+03
  1.545226e-02   3.129904e-03   4.836409e-05   8.246749e+03
  1.560756e-02   3.161114e-03   4.933727e-05   8.082177e+03
  1.576442e-02   3.192634e-03   5.033001e-05   7.920877e+03
  1.592285e-02   3.224465e-03   5.134267e-05   7.762783e+03
  1.608288e-02   3.256610e-03   5.237567e-05   7.607832e+03
  1.624451e-02   3.289074e-03   5.342941e-05   7.455962e+03
  1.640777e-02   3.321859e-03   5.450431e-05   7.307111e+03
  1.657268e-02   3.354967e-03   5.560078e-05   7.161220e+03
  1.673923e-02   3.388403e-03   5.671927e-05   7.018230e+03
  1.690747e-02   3.422169e-03   5.786021e-05   6.878082e+03
  1.707739e-02   3.456269e-03   5.902405e-05   6.740722e+03
  1.724902e-02   3.490705e-03   6.021125e-05   6.606093e+03
  1.742237e-02   3.525482e-03   6.142227e-05   6.474141e+03
  1.759747e-02   3.560602e-03   6.265760e-05   6.344814e+03
  1.777433e-02   3.596069e-03   6.391771e-05   6.218058e+03
  1.795296e-02   3.631885e-03   6.520311e-05   6.093824e+03
  1.813340e-02   3.668055e-03   6.651430e-05   5.972061e+03
  1.831564e-02   3.704582e-03   6.785179e-05   5.852720e+03
  1.849971e-02   3.741470e-03   6.921612e-05   5.735752e+03
  1.868564e-02   3.778721e-03   7.060781e-05   5.621112e+03
  1.887343e-02   3.816339e-03   7.202742e-05   5.508752e+03
  1.906311e-02   3.854329e-03   7.347551e-05   5.398627e+03
  1.925470e-02   3.892692e-03   7.495263e-05   5.290694e+03
  1.944821e-02   3.931434e-03   7.645937e-05   5.184908e+03
  1.964367e-02   3.970558e-03   7.799633e-05   5.081227e+03
  1.984109e-02   4.010066e-03   7.956411e-05   4.979609e+03
  2.004050e-02   4.049964e-03   8.116332e-05   4.880013e+03
  2.024191e-02   4.090255e-03   8.279459e-05   4.782399e+03
  2.044535e-02   4.130943e-03   8.445856e-05   4.686728e+03
  2.065083e-02   4.172031e-03   8.615588e-05   4.592961e+03
  2.085837e-02   4.213523e-03   8.788722e-05   4.501060e+03
  2.106800e-02   4.255424e-03   8.965327e-05   4.410988e+03
  2.127974e-02   4.297737e-03   9.145470e-05   4.322710e+03
  2.149360e-02   4.340465e-03   9.329223e-05   4.236189e+03
  2.170962e-02   4.383614e-03   9.516658e-05   4.151390e+03
  2.192780e-02   4.427187e-03   9.707848e-05   4.068279e+03
  2.214818e-02   4.471189e-03   9.902868e-05   3.986823e+03
  2.237077e-02   4.515622e-03   1.010180e-04   3.906989e+03
  2.259560e-02   4.560492e-03   1.030471e-04   3.828745e+03
  2.282269e-02   4.605803e-03   1.051168e-04   3.752059e+03
  2.305206e-02   4.651559e-03   1.072280e-04   3.676900e+03
  2.328374e-02   4.697763e-03   1.093815e-04   3.603238e+03
  2.351775e-02   4.744421e-03   1.115781e-04   3.531043e+03
  2.375410e-02   4.791537e-03   1.138187e-04   3.460286e+03
  2.399284e-02   4.839115e-03   1.161041e-04   3.390938e+03
  2.423397e-02   4.887160e-03   1.184353e-04   3.322972e+03
  2.447752e-02   4.935676e-03   1.208131e-04   3.256359e+03
  2.472353e-02   4.984667e-03   1.232385e-04   3.191074e+03
  2.497200e-02   5.034138e-03   1.257125e-04   3.127090e+03
  2.522297e-02   5.084094e-03   1.282360e-04   3.064380e+03
  2.547647e-02   5.134539e-03   1.308099e-04   3.002920e+03
  2.573251e-02   5.185478e-03   1.334354e-04   2.942685e+03
  2.599113e-02   5.236916e-03   1.361134e-04   2.883651e+03
  2.625234e-02   5.288857e-03   1.388449e-04   2.825792e+03
  2.651618e-02   5.341306e-03   1.416311e-04   2.769087e+03
  2.678268e-02   5.394269e-03   1.444730e-04   2.713513e+03
  2.705185e-02   5.447749e-03   1.473717e-04   2.659046e+03
  2.732372e-02   5.501752e-03   1.503283e-04   2.605665e+03
  2.759833e-02   5.556282e-03   1.533441e-04   2.553348e+03
  2.787570e-02   5.611345e-03   1.564202e-04   2.502075e+03
  2.815585e-02   5.666947e-03   1.595577e-04   2.451824e+03
  2.843882e-02   5.723090e-03   1.627580e-04   2.402574e+03
  2.872464e-02   5.779782e-03   1.660222e-04   2.354308e+03
  2.901333e-02   5.837028e-03   1.693516e-04   2.307003e+03
  2.930492e-02   5.894831e-03   1.727475e-04   2.260642e+03
  2.959944e-02   5.953199e-03   1.762113e-04   2.215206e+03
  2.989691e-02   6.012135e-03   1.797443e-04   2.170677e+03
  3.019738e-02   6.071646e-03   1.833478e-04   2.127035e+03
  3.050087e-02   6.131736e-03   1.870233e-04   2.084265e+03
  3.080741e-02   6.192412e-03   1.907722e-04   2.042348e+03
  3.111703e-02   6.253678e-03   1.945959e-04   2.001267e+03
  3.142976e-02   6.315541e-03   1.984960e-04   1.961006e+03
  3.174564e-02   6.378006e-03   2.024739e-04   1.921549e+03
  3.206469e-02   6.441079e-03   2.065312e-04   1.882879e+03
  3.238694e-02   6.504764e-03   2.106694e-04   1.844981e+03
  3.271243e-02   6.569069e-03   2.148902e-04   1.807839e+03
  3.304120e-02   6.633999e-03   2.191953e-04   1.771440e+03
  3.337327e-02   6.699559e-03   2.235862e-04   1.735766e+03
  3.370868e-02   6.765756e-03   2.280647e-04   1.700806e+03
  3.404745e-02   6.832596e-03   2.326325e-04   1.666543e+03
  3.438964e-02   6.900084e-03   2.372914e-04   1.632964e+03
  3.473526e-02   6.968226e-03   2.420431e-04   1.600057e+03
  3.508435e-02   7.037030e-03   2.468896e-04   1.567806e+03
  3.543696e-02   7.106500e-03   2.518327e-04   1.536200e+03
  3.579311e-02   7.176644e-03   2.568744e-04   1.505225e+03
  3.615283e-02   7.247466e-03   2.620164e-04   1.474869e+03
  3.651617e-02   7.318975e-03   2.672610e-04   1.445120e+03
  3.688317e-02   7.391175e-03   2.726100e-04   1.415965e+03
  3.725385e-02   7.464074e-03   2.780655e-04   1.387393e+03
  3.762826e-02   7.537678e-03   2.836297e-04   1.359392e+03
  3.800643e-02   7.611994e-03   2.893047e-04   1.331950e+03
  3.838840e-02   7.687027e-03   2.950927e-04   1.305058e+03
  3.877421e-02   7.762786e-03   3.009959e-04   1.278703e+03
  3.916390e-02   7.839275e-03   3.070166e-04   1.252874e+03
  3.955750e-02   7.916503e-03   3.131571e-04   1.227563e+03
  3.995506e-02   7.994476e-03   3.194198e-04   1.202757e+03
  4.035661e-02   8.073201e-03   3.258071e-04   1.178448e+03
  4.076220e-02   8.152685e-03   3.323214e-04   1.154625e+03
  4.117187e-02   8.232934e-03   3.389653e-04   1.131279e+03
  4.158566e-02   8.313956e-03   3.457413e-04   1.108399e+03
  4.200360e-02   8.395758e-03   3.526520e-04   1.085978e+03
  4.242574e-02   8.478347e-03   3.597002e-04   1.064005e+03
  4.285213e-02   8.561730e-03   3.668884e-04   1.042472e+03
  4.328280e-02   8.645915e-03   3.742194e-04   1.021370e+03
  4.371780e-02   8.730909e-03   3.816961e-04   1.000690e+03
  4.415717e-02   8.816719e-03   3.893213e-04   9.804243e+02
  4.460096e-02   8.903352e-03   3.970980e-04   9.605644e+02
  4.504920e-02   8.990817e-03   4.050292e-04   9.411022e+02
  4.550195e-02   9.079121e-03   4.131178e-04   9.220298e+02
  4.595926e-02   9.168271e-03   4.213669e-04   9.033393e+02
  4.642115e-02   9.258275e-03   4.297798e-04   8.850233e+02
  4.688770e-02   9.349141e-03   4.383597e-04   8.670743e+02
  4.735892e-02   9.440877e-03   4.471098e-04   8.494849e+02
  4.783489e-02   9.533491e-03   4.560335e-04   8.322479e+02
  4.831564e-02   9.626989e-03   4.651341e-04   8.153564e+02
  4.880122e-02   9.721382e-03   4.744153e-04   7.988035e+02
  4.929168e-02   9.816676e-03   4.838804e-04   7.825824e+02
  4.978707e-02   9.912879e-03   4.935332e-04   7.666865e+02
  5.028744e-02   1.001000e-02   5.033773e-04   7.511094e+02
  5.079283e-02   1.010805e-02   5.134164e-04   7.358446e+02
  5.130331e-02   1.020703e-02   5.236544e-04   7.208860e+02
  5.181892e-02   1.030695e-02   5.340952e-04   7.062275e+02
  5.233971e-02   1.040783e-02   5.447428e-04   6.918630e+02
  5.286573e-02   1.050967e-02   5.556012e-04   6.777868e+02
  5.339704e-02   1.061247e-02   5.666745e-04   6.639930e+02
  5.393369e-02   1.071625e-02   5.779670e-04   6.504761e+02
  5.447573e-02   1.082102e-02   5.894829e-04   6.372305e+02
  5.502322e-02   1.092678e-02   6.012267e-04   6.242508e+02
  5.557621e-02   1.103355e-02   6.132027e-04   6.115318e+02
  5.613476e-02   1.114132e-02   6.254155e-04   5.990681e+02
  5.669893e-02   1.125012e-02   6.378698e-04   5.868548e+02
  5.726876e-02   1.135995e-02   6.505702e-04   5.748868e+02
  5.784432e-02   1.147082e-02   6.635216e-04   5.631592e+02
  5.842567e-02   1.158273e-02   6.767289e-04   5.516673e+02
  5.901285e-02   1.169571e-02   6.901971e-04   5.404064e+02
  5.960594e-02   1.180975e-02   7.039312e-04   5.293717e+02
  6.020499e-02   1.192487e-02   7.179365e-04   5.185589e+02
  6.081006e-02   1.204107e-02   7.322182e-04   5.079635e+02
  6.142121e-02   1.215837e-02   7.467818e-04   4.975812e+02
  6.203851e-02   1.227677e-02   7.616327e-04   4.874076e+02
  6.266200e-02   1.239629e-02   7.767765e-04   4.774387e+02
  6.329177e-02   1.251693e-02   7.922189e-04   4.676704e+02
  6.392786e-02   1.263871e-02   8.079658e-04   4.580986e+02
  6.457035e-02   1.276163e-02   8.240230e-04   4.487194e+02
  6.521929e-02   1.288571e-02   8.403967e-04   4.395291e+02
  6.587475e-02   1.301095e-02   8.570929e-04   4.305237e+02
  6.653681e-02   1.313736e-02   8.741179e-04   4.216997e+02
  6.720551e-02   1.326496e-02   8.914781e-04   4.130534e+02
  6.788094e-02   1.339375e-02   9.091801e-04   4.045812e+02
  6.856315e-02   1.352374e-02   9.272304e-04   3.962797e+02
  6.925223e-02   1.365495e-02   9.456358e-04   3.881455e+02
  6.994822e-02   1.378739e-02   9.644033e-04   3.801752e+02
  7.065121e-02   1.392106e-02   9.835397e-04   3.723655e+02
  7.136127e-02   1.405598e-02   1.003052e-03   3.647133e+02
  7.207846e-02   1.419215e-02   1.022948e-03   3.572154e+02
  7.280286e-02   1.432959e-02   1.043235e-03   3.498688e+02
  7.353454e-02   1.446832e-02   1.063921e-03   3.426703e+02
  7.427358e-02   1.460833e-02   1.085013e-03   3.356170e+02
  7.502004e-02   1.474964e-02   1.106518e-03   3.287061e+02
  7.577400e-02   1.489226e-02   1.128446e-03   3.219346e+02
  7.653555e-02   1.503620e-02   1.150804e-03   3.152999e+02
  7.730474e-02   1.518148e-02   1.173600e-03   3.087991e+02
  7.808167e-02   1.532810e-02   1.196843e-03   3.024296e+02
  7.886640e-02   1.547607e-02   1.220542e-03   2.961888e+02
  7.965902e-02   1.562542e-02   1.244705e-03   2.900740e+02
  8.045961e-02   1.577614e-02   1.269342e-03   2.840828e+02
  8.126824e-02   1.592825e-02   1.294461e-03   2.782127e+02
  8.208500e-02   1.608176e-02   1.320071e-03   2.724613e+02
  8.290997e-02   1.623669e-02   1.346183e-03   2.668262e+02
  8.374323e-02   1.639304e-02   1.372806e-03   2.613051e+02
  8.458486e-02   1.655082e-02   1.399949e-03   2.558956e+02
  8.543495e-02   1.671006e-02   1.427623e-03   2.505956e+02
  8.629359e-02   1.687075e-02   1.455838e-03   2.454029e+02
  8.716085e-02   1.703292e-02   1.484604e-03   2.403152e+02
  8.803683e-02   1.719657e-02   1.513932e-03   2.353306e+02
  8.892162e-02   1.736172e-02   1.543832e-03   2.304470e+02
  8.981529e-02   1.752837e-02   1.574316e-03   2.256623e+02
  9.071795e-02   1.769654e-02   1.605394e-03   2.209745e+02
  9.162968e-02   1.786625e-02   1.637079e-03   2.163817e+02
  9.255058e-02   1.803750e-02   1.669381e-03   2.118820e+02
  9.348073e-02   1.821031e-02   1.702313e-03   2.074736e+02
  9.442022e-02   1.838469e-02   1.735887e-03   2.031546e+02
  9.536916e-02   1.856065e-02   1.770114e-03   1.989232e+02
  9.632764e-02   1.873821e-02   1.805007e-03   1.947777e+02
  9.729575e-02   1.891737e-02   1.840580e-03   1.907163e+02
  9.827359e-02   1.909815e-02   1.876844e-03   1.867373e+02
  9.926125e-02   1.928057e-02   1.913813e-03   1.828392e+02
  1.002588e-01   1.946463e-02   1.951501e-03   1.790203e+02
  1.012665e-01   1.965035e-02   1.989921e-03   1.752789e+02
  1.022842e-01   1.983774e-02   2.029088e-03   1.716136e+02
  1.033122e-01   2.002682e-02   2.069014e-03   1.680228e+02
  1.043505e-01   2.021759e-02   2.109716e-03   1.645050e+02
  1.053992e-01   2.041008e-02   2.151206e-03   1.610588e+02
  1.064585e-01   2.060429e-02   2.193501e-03   1.576827e+02
  1.075284e-01   2.080023e-02   2.236616e-03   1.543753e+02
  1.086091e-01   2.099793e-02   2.280566e-03   1.511352e+02
  1.097006e-01   2.119739e-02   2.325367e-03   1.479611e+02
  1.108032e-01   2.139863e-02   2.371036e-03   1.448517e+02
  1.119167e-01   2.160166e-02   2.417587e-03   1.418056e+02
  1.130415e-01   2.180649e-02   2.465039e-03   1.388217e+02
  1.141776e-01   2.201314e-02   2.513408e-03   1.358985e+02
  1.153251e-01   2.222162e-02   2.562711e-03   1.330350e+02
  1.164842e-01   2.243195e-02   2.612967e-03   1.302299e+02
  1.176548e-01   2.264414e-02   2.664192e-03   1.274820e+02
  1.188373e-01   2.285820e-02   2.716406e-03   1.247902e+02
  1.200316e-01   2.307414e-02   2.769627e-03   1.221534e+02
  1.212380e-01   2.329199e-02   2.823873e-03   1.195705e+02
  1.224564e-01   2.351175e-02   2.879165e-03   1.170403e+02
  1.236871e-01   2.373343e-02   2.935521e-03   1.145619e+02
  1.249302e-01   2.395706e-02   2.992961e-03   1.121341e+02
  1.261858e-01   2.418265e-02   3.051507e-03   1.097560e+02
  1.274540e-01   2.441021e-02   3.111178e-03   1.074265e+02
  1.287349e-01   2.463975e-02   3.171996e-03   1.051448e+02
  1.300287e-01   2.487129e-02   3.233981e-03   1.029097e+02
  1.313355e-01   2.510484e-02   3.297157e-03   1.007204e+02
  1.326555e-01   2.534042e-02   3.361545e-03   9.857604e+01
  1.339887e-01   2.557804e-02   3.427167e-03   9.647558e+01
  1.353353e-01   2.581771e-02   3.494047e-03   9.441819e+01
  1.366954e-01   2.605945e-02   3.562208e-03   9.240300e+01
  1.380692e-01   2.630328e-02   3.631674e-03   9.042917e+01
  1.394569e-01   2.654921e-02   3.702469e-03   8.849585e+01
  1.408584e-01   2.679725e-02   3.774618e-03   8.660224e+01
  1.422741e-01   2.704741e-02   3.848145e-03   8.474752e+01
  1.437039e-01   2.729972e-02   3.923077e-03   8.293093e+01
  1.451482e-01   2.755418e-02   3.999440e-03   8.115168e+01
  1.466070e-01   2.781081e-02   4.077259e-03   7.940903e+01
  1.480804e-01   2.806963e-02   4.156562e-03   7.770224e+01
  1.495686e-01   2.833064e-02   4.237375e-03   7.603058e+01
  1.510718e-01   2.859387e-02   4.319728e-03   7.439335e+01
  1.525901e-01   2.885933e-02   4.403648e-03   7.278984e+01
  1.541237e-01   2.912703e-02   4.489164e-03   7.121939e+01
  1.556726e-01   2.939698e-02   4.576306e-03   6.968131e+01
  1.572372e-01   2.966921e-02   4.665102e-03   6.817497e+01
  1.588174e-01   2.994372e-02   4.755585e-03   6.669971e+01
  1.604136e-01   3.022053e-02   4.847783e-03   6.525491e+01
  1.620258e-01   3.049966e-02   4.941730e-03   6.383996e+01
  1.636541e-01   3.078111e-02   5.037457e-03   6.245424e+01
  1.652989e-01   3.106491e-02   5.134995e-03   6.109717e+01
  1.669602e-01   3.135107e-02   5.234379e-03   5.976818e+01
  1.686381e-01   3.163959e-02   5.335642e-03   5.846668e+01
  1.703330e-01   3.193051e-02   5.438819e-03   5.719213e+01
  1.720449e-01   3.222382e-02   5.543943e-03   5.594398e+01
  1.737739e-01   3.251955e-02   5.651050e-03   5.472170e+01
  1.755204e-01   3.281771e-02   5.760177e-03   5.352476e+01
  1.772844e-01   3.311831e-02   5.871359e-03   5.235265e+01
  1.790661e-01   3.342136e-02   5.984635e-03   5.120486e+01
  1.808658e-01   3.372689e-02   6.100041e-03   5.008091e+01
  1.826835e-01   3.403490e-02   6.217616e-03   4.898031e+01
  1.845195e-01   3.434542e-02   6.337400e-03   4.790258e+01
  1.863740e-01   3.465844e-02   6.459432e-03   4.684727e+01
  1.882471e-01   3.497400e-02   6.583752e-03   4.581392e+01
  1.901390e-01   3.529209e-02   6.710402e-03   4.480208e+01
  1.920499e-01   3.561274e-02   6.839423e-03   4.381132e+01
  1.939800e-01   3.593596e-02   6.970858e-03   4.284121e+01
  1.959296e-01   3.626175e-02   7.104750e-03   4.189132e+01
  1.978987e-01   3.659015e-02   7.241143e-03   4.096126e+01
  1.998876e-01   3.692115e-02   7.380081e-03   4.005062e+01
  2.018965e-01   3.725477e-02   7.521609e-03   3.915900e+01
  2.039256e-01   3.759103e-02   7.665775e-03   3.828601e+01
  2.059751e-01   3.792994e-02   7.812623e-03   3.743128e+01
  2.080452e-01   3.827151e-02   7.962203e-03   3.659444e+01
  2.101361e-01   3.861575e-02   8.114563e-03   3.577512e+01
  2.122480e-01   3.896268e-02   8.269751e-03   3.497296e+01
  2.143811e-01   3.931231e-02   8.427817e-03   3.418762e+01
  2.165357e-01   3.966466e-02   8.588813e-03   3.341876e+01
  2.187119e-01   4.001972e-02   8.752789e-03   3.266604e+01
  2.209100e-01   4.037753e-02   8.919799e-03   3.192912e+01
  2.231302e-01   4.073808e-02   9.089894e-03   3.120770e+01
  2.253727e-01   4.110139e-02   9.263130e-03   3.050144e+01
  2.276377e-01   4.146748e-02   9.439561e-03   2.981005e+01
  2.299255e-01   4.183635e-02   9.619243e-03   2.913322e+01
  2.322363e-01   4.220802e-02   9.802233e-03   2.847066e+01
  2.345703e-01   4.258249e-02   9.988588e-03   2.782206e+01
  2.369278e-01   4.295979e-02   1.017837e-02   2.718715e+01
  2.393089e-01   4.333991e-02   1.037163e-02   2.656566e+01
  2.417140e-01   4.372287e-02   1.056843e-02   2.595729e+01
  2.441433e-01   4.410869e-02   1.076884e-02   2.536179e+01
  2.465970e-01   4.449736e-02   1.097291e-02   2.477889e+01
  2.490753e-01   4.488891e-02   1.118072e-02   2.420834e+01
  2.515786e-01   4.528334e-02   1.139232e-02   2.364988e+01
  2.541070e-01   4.568065e-02   1.160777e-02   2.310327e+01
  2.566608e-01   4.608087e-02   1.182715e-02   2.256826e+01
  2.592403e-01   4.648400e-02   1.205053e-02   2.204461e+01
  2.618457e-01   4.689005e-02   1.227796e-02   2.153210e+01
  2.644773e-01   4.729903e-02   1.250952e-02   2.103049e+01
  2.671353e-01   4.771094e-02   1.274528e-02   2.053956e+01
  2.698201e-01   4.812580e-02   1.298531e-02   2.005910e+01
  2.725318e-01   4.854361e-02   1.322968e-02   1.958888e+01
  2.752708e-01   4.896437e-02   1.347846e-02   1.912870e+01
  2.780373e-01   4.938811e-02   1.373174e-02   1.867836e+01
  2.808316e-01   4.981482e-02   1.398958e-02   1.823764e+01
  2.836540e-01   5.024451e-02   1.425206e-02   1.780635e+01
  2.865048e-01   5.067719e-02   1.451926e-02   1.738430e+01
  2.893842e-01   5.111287e-02   1.479126e-02   1.697130e+01
  2.922926e-01   5.155154e-02   1.506813e-02   1.656716e+01
  2.952302e-01   5.199322e-02   1.534997e-02   1.617171e+01
  2.981973e-01   5.243791e-02   1.563684e-02   1.578475e+01
  3.011942e-01   5.288561e-02   1.592884e-02   1.540612e+01
  3.042213e-01   5.333633e-02   1.622605e-02   1.503564e+01
  3.072787e-01   5.379008e-02   1.652855e-02   1.467315e+01
  3.103669e-01   5.424685e-02   1.683643e-02   1.431849e+01
  3.134862e-01   5.470665e-02   1.714978e-02   1.397148e+01
  3.166368e-01   5.516948e-02   1.746869e-02   1.363198e+01
  3.198190e-01   5.563535e-02   1.779324e-02   1.329982e+01
  3.230333e-01   5.610426e-02   1.812354e-02   1.297487e+01
  3.262798e-01   5.657620e-02   1.845967e-02   1.265695e+01
  3.295590e-01   5.705119e-02   1.880173e-02   1.234594e+01
  3.328711e-01   5.752921e-02   1.914981e-02   1.204169e+01
  3.362165e-01   5.801027e-02   1.950401e-02   1.174406e+01
  3.395955e-01   5.849438e-02   1.986443e-02   1.145292e+01
  3.430085e-01   5.898152e-02   2.023116e-02   1.116812e+01
  3.464558e-01   5.947169e-02   2.060431e-02   1.088953e+01
  3.499377e-01   5.996491e-02   2.098398e-02   1.061704e+01
  3.534547e-01   6.046115e-02   2.137028e-02   1.035050e+01
  3.570070e-01   6.096043e-02   2.176330e-02   1.008981e+01
  3.605949e-01   6.146273e-02   2.216315e-02   9.834829e+00
  3.642190e-01   6.196805e-02   2.256994e-02   9.585448e+00
  3.678794e-01   6.247638e-02   2.298378e-02   9.341549e+00
  3.715767e-01   6.298773e-02   2.340477e-02   9.103017e+00
  3.753111e-01   6.350209e-02   2.383304e-02   8.869742e+00
  3.790830e-01   6.401944e-02   2.426869e-02   8.641613e+00
  3.828929e-01   6.453979e-02   2.471183e-02   8.418524e+00
  3.867410e-01   6.506312e-02   2.516258e-02   8.200370e+00
  3.906278e-01   6.558942e-02   2.562105e-02   7.987047e+00
  3.945537e-01   6.611869e-02   2.608738e-02   7.778455e+00
  3.985190e-01   6.665092e-02   2.656166e-02   7.574496e+00
  4.025242e-01   6.718609e-02   2.704403e-02   7.375072e+00
  4.065697e-01   6.772420e-02   2.753460e-02   7.180089e+00
  4.106558e-01   6.826523e-02   2.803351e-02   6.989454e+00
  4.147829e-01   6.880916e-02   2.854086e-02   6.803075e+00
  4.189515e-01   6.935600e-02   2.905680e-02   6.620865e+00
  4.231621e-01   6.990571e-02   2.958145e-02   6.442736e+00
  4.274149e-01   7.045829e-02   3.011493e-02   6.268601e+00
  4.317105e-01   7.101372e-02   3.065737e-02   6.098378e+00
  4.360493e-01   7.157198e-02   3.120891e-02   5.931984e+00
  4.404317e-01   7.213306e-02   3.176969e-02   5.769339e+00
  4.448581e-01   7.269694e-02   3.233982e-02   5.610365e+00
  4.493290e-01   7.326360e-02   3.291946e-02   5.454983e+00
  4.538448e-01   7.383301e-02   3.350873e-02   5.303119e+00
  4.584060e-01   7.440516e-02   3.410777e-02   5.154698e+00
  4.630131e-01   7.498003e-02   3.471673e-02   5.009648e+00
  4.676664e-01   7.555759e-02   3.533575e-02   4.867898e+00
  4.723666e-01   7.613782e-02   3.596496e-02   4.729378e+00
  4.771139e-01   7.672069e-02   3.660451e-02   4.594020e+00
  4.819090e-01   7.730618e-02   3.725454e-02   4.461758e+00
  4.867523e-01   7.789426e-02   3.791521e-02   4.332525e+00
  4.916442e-01   7.848490e-02   3.858665e-02   4.206258e+00
  4.965853e-01   7.907808e-02   3.926901e-02   4.082895e+00
  5.015761e-01   7.967376e-02   3.996245e-02   3.962372e+00
  5.066170e-01   8.027192e-02   4.066712e-02   3.844631e+00
  5.117086e-01   8.087252e-02   4.138316e-02   3.729612e+00
  5.168513e-01   8.147553e-02   4.211074e-02   3.617258e+00
  5.220458e-01   8.208091e-02   4.284999e-02   3.507512e+00
  5.272924e-01   8.268863e-02   4.360109e-02   3.400318e+00
  5.325918e-01   8.329866e-02   4.436418e-02   3.295622e+00
  5.379444e-01   8.391095e-02   4.513943e-02   3.193371e+00
  5.433509e-01   8.452547e-02   4.592699e-02   3.093513e+00
  5.488116e-01   8.514218e-02   4.672702e-02   2.995996e+00
  5.543273e-01   8.576103e-02   4.753968e-02   2.900772e+00
  5.598984e-01   8.638199e-02   4.836513e-02   2.807790e+00
  5.655254e-01   8.700500e-02   4.920354e-02   2.717003e+00
  5.712091e-01   8.763004e-02   5.005507e-02   2.628363e+00
  5.769498e-01   8.825704e-02   5.091988e-02   2.541826e+00
  5.827483e-01   8.888596e-02   5.179814e-02   2.457345e+00
  5.886050e-01   8.951676e-02   5.269001e-02   2.374877e+00
  5.945205e-01   9.014938e-02   5.359566e-02   2.294379e+00
  6.004956e-01   9.078377e-02   5.451526e-02   2.215807e+00
  6.065307e-01   9.141989e-02   5.544896e-02   2.139121e+00
  6.126264e-01   9.205766e-02   5.639695e-02   2.064280e+00
  6.187834e-01   9.269705e-02   5.735940e-02   1.991244e+00
  6.250023e-01   9.333799e-02   5.833646e-02   1.919974e+00
  6.312836e-01   9.398043e-02   5.932831e-02   1.850433e+00
  6.376282e-01   9.462430e-02   6.033512e-02   1.782582e+00
  6.440364e-01   9.526954e-02   6.135705e-02   1.716385e+00
  6.505091e-01   9.591610e-02   6.239429e-02   1.651806e+00
  6.570468e-01   9.656390e-02   6.344700e-02   1.588811e+00
  6.636503e-01   9.721288e-02   6.451535e-02   1.527364e+00
  6.703200e-01   9.786298e-02   6.559952e-02   1.467432e+00
  6.770569e-01   9.851412e-02   6.669966e-02   1.408983e+00
  6.838614e-01   9.916624e-02   6.781597e-02   1.351983e+00
  6.907343e-01   9.981926e-02   6.894859e-02   1.296402e+00
  6.976763e-01   1.004731e-01   7.009772e-02   1.242208e+00
  7.046881e-01   1.011277e-01   7.126350e-02   1.189370e+00
  7.117703e-01   1.017830e-01   7.244613e-02   1.137860e+00
  7.189237e-01   1.024389e-01   7.364575e-02   1.087648e+00
  7.261490e-01   1.030953e-01   7.486256e-02   1.038706e+00
  7.334470e-01   1.037522e-01   7.609670e-02   9.910059e-01
  7.408182e-01   1.044094e-01   7.734835e-02   9.445200e-01
  7.482636e-01   1.050668e-01   7.861768e-02   8.992219e-01
  7.557837e-01   1.057245e-01   7.990485e-02   8.550854e-01
  7.633795e-01   1.063822e-01   8.121002e-02   8.120848e-01
  7.710516e-01   1.070400e-01   8.253336e-02   7.701951e-01
  7.788008e-01   1.076977e-01   8.387503e-02   7.293917e-01
  7.866279e-01   1.083552e-01   8.523519e-02   6.896505e-01
  7.945336e-01   1.090124e-01   8.661401e-02   6.509480e-01
  8.025188e-01   1.096692e-01   8.801163e-02   6.132610e-01
  8.105842e-01   1.103256e-01   8.942822e-02   5.765670e-01
  8.187308e-01   1.109814e-01   9.086392e-02   5.408439e-01
  8.269591e-01   1.116366e-01   9.231889e-02   5.060700e-01
  8.352702e-01   1.122909e-01   9.379328e-02   4.722241e-01
  8.436648e-01   1.129444e-01   9.528724e-02   4.392855e-01
  8.521438e-01   1.135969e-01   9.680092e-02   4.072338e-01
  8.607080e-01   1.142483e-01   9.833445e-02   3.760491e-01
  8.693582e-01   1.148985e-01   9.988797e-02   3.457120e-01
  8.780954e-01   1.155474e-01   1.014616e-01   3.162034e-01
  8.869204e-01   1.161948e-01   1.030555e-01   2.875046e-01
  8.958341e-01   1.168407e-01   1.046699e-01   2.595973e-01
  9.048374e-01   1.174849e-01   1.063047e-01   2.324637e-01
  9.139312e-01   1.181273e-01   1.079602e-01   2.060862e-01
  9.231163e-01   1.187678e-01   1.096365e-01   1.804476e-01
  9.323938e-01   1.194062e-01   1.113336e-01   1.555312e-01
  9.417645e-01   1.200425e-01   1.130518e-01   1.313206e-01
  9.512294e-01   1.206765e-01   1.147911e-01   1.077996e-01
  9.607894e-01   1.213081e-01   1.165515e-01   8.495259e-02
  9.704455e-01   1.219371e-01   1.183333e-01   6.276403e-02
  9.801987e-01   1.225635e-01   1.201366e-01   4.121887e-02
  9.900498e-01   1.231870e-01   1.219613e-01   2.030235e-02
  1.000000e+00   1.238076e-01   1.238076e-01  -4.440892e-16
  1.010050e+00   1.244250e-01   1.256755e-01  -1.970232e-02
  1.020201e+00   1.250393e-01   1.275652e-01  -3.881847e-02
  1.030455e+00   1.256501e-01   1.294767e-01  -5.736200e-02
  1.040811e+00   1.262574e-01   1.314101e-01  -7.534619e-02
  1.051271e+00   1.268611e-01   1.333654e-01  -9.278401e-02
  1.061837e+00   1.274610e-01   1.353427e-01  -1.096882e-01
  1.072508e+00   1.280568e-01   1.373420e-01  -1.260712e-01
  1.083287e+00   1.286486e-01   1.393634e-01  -1.419451e-01
  1.094174e+00   1.292361e-01   1.414069e-01  -1.573219e-01
  1.105171e+00   1.298192e-01   1.434724e-01  -1.722133e-01
  1.116278e+00   1.303977e-01   1.455601e-01  -1.866307e-01
  1.127497e+00   1.309715e-01   1.476700e-01  -2.005852e-01
  1.138828e+00   1.315404e-01   1.498020e-01  -2.140877e-01
  1.150274e+00   1.321043e-01   1.519561e-01  -2.271490e-01
  1.161834e+00   1.326629e-01   1.541323e-01  -2.397795e-01
  1.173511e+00   1.332161e-01   1.563306e-01  -2.519895e-01
  1.185305e+00   1.337639e-01   1.585509e-01  -2.637890e-01
  1.197217e+00   1.343059e-01   1.607933e-01  -2.751878e-01
  1.209250e+00   1.348420e-01   1.630576e-01  -2.861954e-01
  1.221403e+00   1.353721e-01   1.653438e-01  -2.968214e-01
  1.233678e+00   1.358959e-01   1.676518e-01  -3.070749e-01
  1.246077e+00   1.364134e-01   1.699816e-01  -3.169648e-01
  1.258600e+00   1.369243e-01   1.723329e-01  -3.264999e-01
  1.271249e+00   1.374285e-01   1.747059e-01  -3.356889e-01
  1.284025e+00   1.379258e-01   1.771002e-01  -3.445402e-01
  1.296930e+00   1.384160e-01   1.795158e-01  -3.530621e-01
  1.309964e+00   1.388989e-01   1.819526e-01  -3.612625e-01
  1.323130e+00   1.393743e-01   1.844104e-01  -3.691494e-01
  1.336427e+00   1.398422e-01   1.868890e-01  -3.767304e-01
  1.349859e+00   1.403022e-01   1.893882e-01  -3.840132e-01
  1.363425e+00   1.407543e-01   1.919079e-01  -3.910050e-01
  1.377128e+00   1.411982e-01   1.944479e-01  -3.977132e-01
  1.390968e+00   1.416337e-01   1.970080e-01  -4.041448e-01
  1.404948e+00   1.420607e-01   1.995879e-01  -4.103067e-01
  1.419068e+00   1.424790e-01   2.021873e-01  -4.162056e-01
  1.433329e+00   1.428884e-01   2.048061e-01  -4.218481e-01
  1.447735e+00   1.432886e-01   2.074439e-01  -4.272408e-01
  1.462285e+00   1.436796e-01   2.101005e-01  -4.323900e-01
  1.476981e+00   1.440612e-01   2.127756e-01  -4.373017e-01
  1.491825e+00   1.444330e-01   2.154688e-01  -4.419822e-01
  1.506818e+00   1.447951e-01   2.181798e-01  -4.464372e-01
  1.521962e+00   1.451471e-01   2.209083e-01  -4.506726e-01
  1.537258e+00   1.454889e-01   2.236539e-01  -4.546940e-01
  1.552707e+00   1.458203e-01   2.264162e-01  -4.585070e-01
  1.568312e+00   1.461411e-01   2.291948e-01  -4.621170e-01
  1.584074e+00   1.464511e-01   2.319893e-01  -4.655292e-01
  1.599994e+00   1.467501e-01   2.347993e-01  -4.687489e-01
  1.616074e+00   1.470380e-01   2.376244e-01  -4.717810e-01
  1.632316e+00   1.473146e-01   2.404640e-01  -4.746306e-01
  1.648721e+00   1.475796e-01   2.433176e-01  -4.773024e-01
  1.665291e+00   1.478329e-01   2.461849e-01  -4.798013e-01
  1.682028e+00   1.480744e-01   2.490652e-01  -4.821317e-01
  1.698932e+00   1.483037e-01   2.519580e-01  -4.842983e-01
  1.716007e+00   1.485208e-01   2.548627e-01  -4.863055e-01
  1.733253e+00   1.487254e-01   2.577788e-01  -4.881575e-01
  1.750673e+00   1.489174e-01   2.607057e-01  -4.898585e-01
  1.768267e+00   1.490967e-01   2.636427e-01  -4.914128e-01
  1.786038e+00   1.492629e-01   2.665893e-01  -4.928244e-01
  1.803988e+00   1.494160e-01   2.695447e-01  -4.940971e-01
  1.822119e+00   1.495557e-01   2.725083e-01  -4.952348e-01
  1.840431e+00   1.496819e-01   2.754793e-01  -4.962414e-01
  1.858928e+00   1.497945e-01   2.784572e-01  -4.971204e-01
  1.877611e+00   1.498932e-01   2.814411e-01  -4.978755e-01
  1.896481e+00   1.499779e-01   2.844302e-01  -4.985102e-01
  1.915541e+00   1.500484e-01   2.874238e-01  -4.990280e-01
  1.934792e+00   1.501046e-01   2.904212e-01  -4.994321e-01
  1.954237e+00   1.501462e-01   2.934214e-01  -4.997258e-01
  1.973878e+00   1.501732e-01   2.964236e-01  -4.999124e-01
  1.993716e+00   1.501854e-01   2.994270e-01  -4.999950e-01
  2.013753e+00   1.501826e-01   3.024307e-01  -4.999767e-01
  2.033991e+00   1.501647e-01   3.054337e-01  -4.998604e-01
  2.054433e+00   1.501315e-01   3.084352e-01  -4.996490e-01
  2.075081e+00   1.500829e-01   3.114342e-01  -4.993454e-01
  2.095936e+00   1.500188e-01   3.144297e-01  -4.989525e-01
  2.117000e+00   1.499390e-01   3.174208e-01  -4.984728e-01
  2.138276e+00   1.498433e-01   3.204064e-01  -4.979091e-01
  2.159766e+00   1.497317e-01   3.233855e-01  -4.972639e-01
  2.181472e+00   1.496041e-01   3.263571e-01  -4.965399e-01
  2.203396e+00   1.494602e-01   3.293201e-01  -4.957394e-01
  2.225541e+00   1.493000e-01   3.322733e-01  -4.948649e-01
  2.247908e+00   1.491234e-01   3.352158e-01  -4.939187e-01
  2.270500e+00   1.489303e-01   3.381462e-01  -4.929032e-01
  2.293319e+00   1.487205e-01   3.410636e-01  -4.918206e-01
  2.316367e+00   1.484940e-01   3.439667e-01  -4.906731e-01
  2.339647e+00   1.482507e-01   3.468543e-01  -4.894628e-01
  2.363161e+00   1.479905e-01   3.497253e-01  -4.881919e-01
  2.386911e+00   1.477133e-01   3.525784e-01  -4.868623e-01
  2.410900e+00   1.474189e-01   3.554123e-01  -4.854761e-01
  2.435130e+00   1.471075e-01   3.582258e-01  -4.840352e-01
  2.459603e+00   1.467788e-01   3.610176e-01  -4.825415e-01
  2.484323e+00   1.464329e-01   3.637865e-01  -4.809969e-01
  2.509290e+00   1.460696e-01   3.665310e-01  -4.794032e-01
  2.534509e+00   1.456889e-01   3.692499e-01  -4.777622e-01
  2.559981e+00   1.452909e-01   3.719419e-01  -4.760755e-01
  2.585710e+00   1.448753e-01   3.746055e-01  -4.743448e-01
  2.611696e+00   1.444423e-01   3.772394e-01  -4.725718e-01
  2.637944e+00   1.439918e-01   3.798423e-01  -4.707582e-01
  2.664456e+00   1.435237e-01   3.824126e-01  -4.689054e-01
  2.691234e+00   1.430381e-01   3.849491e-01  -4.670149e-01
  2.718282e+00   1.425350e-01   3.874502e-01  -4.650883e-01
  2.745601e+00   1.420143e-01   3.899146e-01  -4.631270e-01
  2.773195e+00   1.414761e-01   3.923409e-01  -4.611325e-01
  2.801066e+00   1.409204e-01   3.947274e-01  -4.591060e-01
  2.829217e+00   1.403473e-01   3.970729e-01  -4.570489e-01
  2.857651e+00   1.397567e-01   3.993758e-01  -4.549626e-01
  2.886371e+00   1.391487e-01   4.016347e-01  -4.528484e-01
  2.915379e+00   1.385233e-01   4.038480e-01  -4.507073e-01
  2.944680e+00   1.378807e-01   4.060144e-01  -4.485408e-01
  2.974274e+00   1.372208e-01   4.081323e-01  -4.463499e-01
  3.004166e+00   1.365438e-01   4.102002e-01  -4.441359e-01
  3.034358e+00   1.358497e-01   4.122167e-01  -4.418997e-01
  3.064854e+00   1.351386e-01   4.141802e-01  -4.396426e-01
  3.095657e+00   1.344107e-01   4.160894e-01  -4.373655e-01
  3.126768e+00   1.336660e-01   4.179426e-01  -4.350696e-01
  3.158193e+00   1.329046e-01   4.197385e-01  -4.327559e-01
  3.189933e+00   1.321268e-01   4.214755e-01  -4.304252e-01
  3.221993e+00   1.313325e-01   4.231523e-01  -4.280786e-01
  3.254374e+00   1.305219e-01   4.247672e-01  -4.257170e-01
  3.287081e+00   1.296953e-01   4.263189e-01  -4.233414e-01
  3.320117e+00   1.288527e-01   4.278060e-01  -4.209525e-01
  3.353485e+00   1.279943e-01   4.292271e-01  -4.185513e-01
  3.387188e+00   1.271204e-01   4.305806e-01  -4.161386e-01
  3.421230e+00   1.262310e-01   4.318652e-01  -4.137153e-01
  3.455613e+00   1.253264e-01   4.330796e-01  -4.112820e-01
  3.490343e+00   1.244068e-01   4.342224e-01  -4.088396e-01
  3.525421e+00   1.234724e-01   4.352922e-01  -4.063888e-01
  3.560853e+00   1.225234e-01   4.362878e-01  -4.039304e-01
  3.596640e+00   1.215601e-01   4.372078e-01  -4.014651e-01
  3.632787e+00   1.205826e-01   4.380509e-01  -3.989936e-01
  3.669297e+00   1.195913e-01   4.388159e-01  -3.965164e-01
  3.706174e+00   1.185864e-01   4.395017e-01  -3.940344e-01
  3.743421e+00   1.175681e-01   4.401069e-01  -3.915481e-01
  3.781043e+00   1.165367e-01   4.406305e-01  -3.890581e-01
  3.819044e+00   1.154926e-01   4.410713e-01  -3.865650e-01
  3.857426e+00   1.144360e-01   4.414283e-01  -3.840695e-01
  3.896193e+00   1.133672e-01   4.417004e-01  -3.815720e-01
  3.935351e+00   1.122864e-01   4.418865e-01  -3.790732e-01
  3.974902e+00   1.111941e-01   4.419857e-01  -3.765736e-01
  4.014850e+00   1.100906e-01   4.419971e-01  -3.740736e-01
  4.055200e+00   1.089761e-01   4.419198e-01  -3.715738e-01
  4.095955e+00   1.078510e-01   4.417529e-01  -3.690747e-01
  4.137120e+00   1.067157e-01   4.414956e-01  -3.665767e-01
  4.178699e+00   1.055705e-01   4.411473e-01  -3.640803e-01
  4.220696e+00   1.044157e-01   4.407071e-01  -3.615860e-01
  4.263115e+00   1.032518e-01   4.401744e-01  -3.590941e-01
  4.305960e+00   1.020792e-01   4.395487e-01  -3.566052e-01
  4.349235e+00   1.008981e-01   4.388294e-01  -3.541195e-01
  4.392946e+00   9.970896e-02   4.380160e-01  -3.516375e-01
  4.437096e+00   9.851222e-02   4.371081e-01  -3.491596e-01
  4.481689e+00   9.730826e-02   4.361053e-01  -3.466862e-01
  4.526731e+00   9.609747e-02   4.350074e-01  -3.442175e-01
  4.572225e+00   9.488027e-02   4.338140e-01  -3.417540e-01
  4.618177e+00   9.365707e-02   4.325249e-01  -3.392959e-01
  4.664590e+00   9.242830e-02   4.311402e-01  -3.368437e-01
  4.711470e+00   9.119438e-02   4.296596e-01  -3.343975e-01
  4.758821e+00   8.995574e-02   4.280833e-01  -3.319578e-01
  4.806648e+00   8.871281e-02   4.264113e-01  -3.295248e-01
  4.854956e+00   8.746603e-02   4.246437e-01  -3.270987e-01
  4.903749e+00   8.621584e-02   4.227808e-01  -3.246799e-01
  4.953032e+00   8.496268e-02   4.208229e-01  -3.222686e-01
  5.002811e+00   8.370701e-02   4.187704e-01  -3.198651e-01
  5.053090e+00   8.244927e-02   4.166236e-01  -3.174696e-01
  5.103875e+00   8.118991e-02   4.143831e-01  -3.150824e-01
  5.155170e+00   7.992939e-02   4.120495e-01  -3.127036e-01
  5.206980e+00   7.866816e-02   4.096235e-01  -3.103335e-01
  5.259311e+00   7.740667e-02   4.071057e-01  -3.079723e-01
  5.312168e+00   7.614538e-02   4.044971e-01  -3.056202e-01
  5.365556e+00   7.488476e-02   4.017984e-01  -3.032774e-01
  5.419481e+00   7.362525e-02   3.990106e-01  -3.009441e-01
  5.473947e+00   7.236731e-02   3.961348e-01  -2.986205e-01
  5.528961e+00   7.111140e-02   3.931722e-01  -2.963067e-01
  5.584528e+00   6.985797e-02   3.901238e-01  -2.940029e-01
  5.640654e+00   6.860747e-02   3.869910e-01  -2.917093e-01
  5.697343e+00   6.736036e-02   3.837751e-01  -2.894260e-01
  5.754603e+00   6.611707e-02   3.804775e-01  -2.871531e-01
  5.812437e+00   6.487807e-02   3.770997e-01  -2.848909e-01
  5.870853e+00   6.364379e-02   3.736433e-01  -2.826393e-01
  5.929856e+00   6.241466e-02   3.701100e-01  -2.803986e-01
  5.989452e+00   6.119112e-02   3.665013e-01  -2.781689e-01
  6.049647e+00   5.997361e-02   3.628192e-01  -2.759503e-01
  6.110447e+00   5.876254e-02   3.590654e-01  -2.737429e-01
  6.171858e+00   5.755835e-02   3.552420e-01  -2.715468e-01
  6.233887e+00   5.636143e-02   3.513508e-01  -2.693621e-01
  6.296538e+00   5.517220e-02   3.473939e-01  -2.671889e-01
  6.359820e+00   5.399107e-02   3.433734e-01  -2.650273e-01
  6.423737e+00   5.281842e-02   3.392916e-01  -2.628773e-01
  6.488296e+00   5.165465e-02   3.351507e-01  -2.607391e-01
  6.553505e+00   5.050013e-02   3.309529e-01  -2.586127e-01
  6.619369e+00   4.935524e-02   3.267006e-01  -2.564982e-01
  6.685894e+00   4.822035e-02   3.223962e-01  -2.543957e-01
  6.753089e+00   4.709581e-02   3.180422e-01  -2.523052e-01
  6.820958e+00   4.598196e-02   3.136410e-01  -2.502267e-01
  6.889510e+00   4.487915e-02   3.091953e-01  -2.481604e-01
  6.958751e+00   4.378770e-02   3.047077e-01  -2.461062e-01
  7.028688e+00   4.270793e-02   3.001807e-01  -2.440643e-01
  7.099327e+00   4.164015e-02   2.956170e-01  -2.420347e-01
  7.170676e+00   4.058466e-02   2.910195e-01  -2.400173e-01
  7.242743e+00   3.954174e-02   2.863907e-01  -2.380122e-01
  7.315534e+00   3.851168e-02   2.817335e-01  -2.360196e-01
  7.389056e+00   3.749473e-02   2.770506e-01  -2.340393e-01
  7.463317e+00   3.649115e-02   2.723450e-01  -2.320714e-01
  7.538325e+00   3.550118e-02   2.676194e-01  -2.301160e-01
  7.614086e+00   3.452505e-02   2.628767e-01  -2.281730e-01
  7.690609e+00   3.356298e-02   2.581198e-01  -2.262425e-01
  7.767901e+00   3.261518e-02   2.533515e-01  -2.243245e-01
  7.845970e+00   3.168183e-02   2.485747e-01  -2.224189e-01
  7.924823e+00   3.076313e-02   2.437923e-01  -2.205259e-01
  8.004469e+00   2.985923e-02   2.390073e-01  -2.186453e-01
  8.084915e+00   2.897029e-02   2.342223e-01  -2.167773e-01
  8.166170e+00   2.809645e-02   2.294404e-01  -2.149217e-01
  8.248241e+00   2.723785e-02   2.246644e-01  -2.130786e-01
  8.331137e+00   2.639460e-02   2.198971e-01  -2.112481e-01
  8.414867e+00   2.556681e-02   2.151413e-01  -2.094300e-01
  8.499438e+00   2.475456e-02   2.103998e-01  -2.076244e-01
  8.584858e+00   2.395792e-02   2.056754e-01  -2.058312e-01
  8.671138e+00   2.317698e-02   2.009708e-01  -2.040505e-01
  8.758284e+00   2.241177e-02   1.962887e-01  -2.022822e-01
  8.846306e+00   2.166234e-02   1.916317e-01  -2.005263e-01
  8.935213e+00   2.092871e-02   1.870025e-01  -1.987828e-01
  9.025013e+00   2.021089e-02   1.824036e-01  -1.970516e-01
  9.115716e+00   1.950889e-02   1.778375e-01  -1.953328e-01
  9.207331e+00   1.882269e-02   1.733067e-01  -1.936263e-01
  9.299866e+00   1.815226e-02   1.688136e-01  -1.919321e-01
  9.393331e+00   1.749758e-02   1.643606e-01  -1.902502e-01
  9.487736e+00   1.685859e-02   1.599499e-01  -1.885805e-01
  9.583089e+00   1.623523e-02   1.555837e-01  -1.869229e-01
  9.679401e+00   1.562743e-02   1.512642e-01  -1.852775e-01
  9.776680e+00   1.503511e-02   1.469935e-01  -1.836443e-01
  9.874938e+00   1.445817e-02   1.427735e-01  -1.820231e-01
  9.974182e+00   1.389650e-02   1.386062e-01  -1.804140e-01
  1.007442e+01   1.335000e-02   1.344935e-01  -1.788169e-01
  1.017567e+01   1.281852e-02   1.304371e-01  -1.772318e-01
  1.027794e+01   1.230195e-02   1.264387e-01  -1.756586e-01
  1.038124e+01   1.180012e-02   1.224999e-01  -1.740972e-01
  1.048557e+01   1.131290e-02   1.186222e-01  -1.725478e-01
  1.059095e+01   1.084010e-02   1.148070e-01  -1.710101e-01
  1.069739e+01   1.038157e-02   1.110557e-01  -1.694842e-01
  1.080490e+01   9.937117e-03   1.073696e-01  -1.679699e-01
  1.091349e+01   9.506553e-03   1.037497e-01  -1.664674e-01
  1.102318e+01   9.089684e-03   1.001972e-01  -1.649764e-01
  1.113396e+01   8.686306e-03   9.671300e-02  -1.634970e-01
  1.124586e+01   8.296209e-03   9.329800e-02  -1.620291e-01
  1.135888e+01   7.919177e-03   8.995300e-02  -1.605727e-01
  1.147304e+01   7.554988e-03   8.667868e-02  -1.591277e-01
  1.158835e+01   7.203413e-03   8.347565e-02  -1.576940e-01
  1.170481e+01   6.864221e-03   8.034442e-02  -1.562716e-01
  1.182245e+01   6.537174e-03   7.728539e-02  -1.548605e-01
  1.194126e+01   6.222030e-03   7.429890e-02  -1.534606e-01
  1.206128e+01   5.918543e-03   7.138518e-02  -1.520718e-01
  1.218249e+01   5.626465e-03   6.854438e-02  -1.506941e-01
  1.230493e+01   5.345544e-03   6.577655e-02  -1.493274e-01
  1.242860e+01   5.075525e-03   6.308166e-02  -1.479717e-01
  1.255351e+01   4.816152e-03   6.045960e-02  -1.466269e-01
  1.267967e+01   4.567166e-03   5.791016e-02  -1.452930e-01
  1.280710e+01   4.328307e-03   5.543308e-02  -1.439698e-01
  1.293582e+01   4.099314e-03   5.302798e-02  -1.426574e-01
  1.306582e+01   3.879926e-03   5.069443e-02  -1.413557e-01
  1.319714e+01   3.669881e-03   4.843193e-02  -1.400646e-01
  1.332977e+01   3.468917e-03   4.623988e-02  -1.387841e-01
  1.346374e+01   3.276774e-03   4.411762e-02  -1.375140e-01
  1.359905e+01   3.093190e-03   4.206445e-02  -1.362544e-01
  1.373572e+01   2.917907e-03   4.007956e-02  -1.350052e-01
  1.387377e+01   2.750667e-03   3.816212e-02  -1.337663e-01
  1.401320e+01   2.591214e-03   3.631121e-02  -1.325377e-01
  1.415404e+01   2.439295e-03   3.452587e-02  -1.313192e-01
  1.429629e+01   2.294658e-03   3.280509e-02  -1.301109e-01
  1.443997e+01   2.157055e-03   3.114780e-02  -1.289127e-01
  1.458509e+01   2.026240e-03   2.955290e-02  -1.277245e-01
  1.473168e+01   1.901970e-03   2.801921e-02  -1.265462e-01
  1.487973e+01   1.784008e-03   2.654556e-02  -1.253779e-01
  1.502928e+01   1.672117e-03   2.513071e-02  -1.242193e-01
  1.518032e+01   1.566067e-03   2.377340e-02  -1.230705e-01
  1.533289e+01   1.465630e-03   2.247233e-02  -1.219315e-01
  1.548699e+01   1.370582e-03   2.122619e-02  -1.208020e-01
  1.564263e+01   1.280707e-03   2.003363e-02  -1.196822e-01
  1.579984e+01   1.195790e-03   1.889329e-02  -1.185718e-01
  1.595863e+01   1.115621e-03   1.780379e-02  -1.174710e-01
  1.611902e+01   1.039997e-03   1.676373e-02  -1.163795e-01
  1.628102e+01   9.687182e-04   1.577172e-02  -1.152973e-01
  1.644465e+01   9.015904e-04   1.482633e-02  -1.142244e-01
  1.660992e+01   8.384245e-04   1.392616e-02  -1.131607e-01
  1.677685e+01   7.790368e-04   1.306978e-02  -1.121061e-01
  1.694546e+01   7.232488e-04   1.225578e-02  -1.110607e-01
  1.711577e+01   6.708871e-04   1.148275e-02  -1.100242e-01
  1.728778e+01   6.217840e-04   1.074927e-02  -1.089967e-01
  1.746153e+01   5.757769e-04   1.005394e-02  -1.079781e-01
  1.763702e+01   5.327086e-04   9.395391e-03  -1.069683e-01
  1.781427e+01   4.924274e-04   8.772236e-03  -1.059673e-01
  1.799331e+01   4.547869e-04   8.183121e-03  -1.049750e-01
  1.817415e+01   4.196458e-04   7.626703e-03  -1.039913e-01
  1.835680e+01   3.868683e-04   7.101664e-03  -1.030162e-01
  1.854129e+01   3.563238e-04   6.606702e-03  -1.020497e-01
  1.872763e+01   3.278868e-04   6.140543e-03  -1.010916e-01
  1.891585e+01   3.014368e-04   5.701933e-03  -1.001419e-01
  1.910595e+01   2.768586e-04   5.289647e-03  -9.920052e-02
  1.929797e+01   2.540415e-04   4.902486e-03  -9.826743e-02
  1.949192e+01   2.328801e-04   4.539281e-03  -9.734256e-02
  1.968782e+01   2.132735e-04   4.198889e-03  -9.642584e-02
  1.988568e+01   1.951254e-04   3.880202e-03  -9.551722e-02
  2.008554e+01   1.783442e-04   3.582138e-03  -9.461663e-02
  2.028740e+01   1.628425e-04   3.303652e-03  -9.372402e-02
  2.049129e+01   1.485376e-04   3.043726e-03  -9.283932e-02
  2.069723e+01   1.353505e-04   2.801380e-03  -9.196247e-02
  2.090524e+01   1.232065e-04   2.575662e-03  -9.109343e-02
  2.111534e+01   1.120350e-04   2.365658e-03  -9.023211e-02
  2.132756e+01   1.017690e-04   2.170483e-03  -8.937848e-02
  2.154190e+01   9.234507e-05   1.989289e-03  -8.853246e-02
  2.175840e+01   8.370364e-05   1.821257e-03  -8.769401e-02
  2.197708e+01   7.578836e-05   1.665607e-03  -8.686305e-02
  2.219795e+01   6.854620e-05   1.521585e-03  -8.603954e-02
  2.242104e+01   6.192732e-05   1.388475e-03  -8.522342e-02
  2.264638e+01   5.588488e-05   1.265590e-03  -8.441463e-02
  2.287398e+01   5.037494e-05   1.152275e-03  -8.361310e-02
  2.310387e+01   4.535635e-05   1.047907e-03  -8.281879e-02
  2.333606e+01   4.079059e-05   9.518918e-04  -8.203164e-02
  2.357060e+01   3.664165e-05   8.636656e-04  -8.125160e-02
  2.380748e+01   3.287595e-05   7.826937e-04  -8.047859e-02
  2.404675e+01   2.946216e-05   7.084694e-04  -7.971258e-02
  2.428843e+01   2.637113e-05   6.405133e-04  -7.895350e-02
  2.453253e+01   2.357575e-05   5.783727e-04  -7.820129e-02
  2.477909e+01   2.105084e-05   5.216206e-04  -7.745591e-02
  2.502812e+01   1.877307e-05   4.698547e-04  -7.671730e-02
  2.527966e+01   1.672083e-05   4.226968e-04  -7.598541e-02
  2.553372e+01   1.487412e-05   3.797916e-04  -7.526017e-02
  2.579034e+01   1.321449e-05   3.408061e-04  -7.454154e-02
  2.604954e+01   1.172490e-05   3.054283e-04  -7.382946e-02
  2.631134e+01   1.038969e-05   2.733667e-04  -7.312388e-02
  2.657577e+01   9.194425e-06   2.443489e-04  -7.242474e-02
  2.684286e+01   8.125862e-06   2.181214e-04  -7.173200e-02
  2.711264e+01   7.171854e-06   1.944479e-04  -7.104560e-02
  2.738513e+01   6.321275e-06   1.731089e-04  -7.036549e-02
  2.766035e+01   5.563950e-06   1.539008e-04  -6.969161e-02
  2.793834e+01   4.890589e-06   1.366349e-04  -6.902392e-02
  2.821913e+01   4.292718e-06   1.211368e-04  -6.836236e-02
  2.850273e+01   3.762625e-06   1.072451e-04  -6.770688e-02
  2.878919e+01   3.293293e-06   9.481125e-05  -6.705744e-02
  2.907853e+01   2.878358e-06   8.369841e-05  -6.641398e-02
  2.937077e+01   2.512047e-06   7.378076e-05  -6.577645e-02
  2.966595e+01   2.189137e-06   6.494283e-05  -6.514480e-02
  2.996410e+01   1.904907e-06   5.707884e-05  -6.451899e-02
  3.026524e+01   1.655100e-06   5.009200e-05  -6.389896e-02
  3.056942e+01   1.435877e-06   4.389392e-05  -6.328466e-02
  3.087664e+01   1.243789e-06   3.840402e-05  -6.267605e-02
  3.118696e+01   1.075735e-06   3.354891e-05  -6.207308e-02
  3.150039e+01   9.289384e-07   2.926193e-05  -6.147570e-02
  3.181698e+01   8.009114e-07   2.548258e-05  -6.088386e-02
  3.213674e+01   6.894315e-07   2.215608e-05  -6.029752e-02
  3.245972e+01   5.925158e-07   1.923290e-05  -5.971663e-02
  3.278595e+01   5.083980e-07   1.666831e-05  -5.914114e-02
  3.311545e+01   4.355077e-07   1.442203e-05  -5.857100e-02
  3.344827e+01   3.724506e-07   1.245783e-05  -5.800618e-02
  3.378443e+01   3.179913e-07   1.074316e-05  -5.744662e-02
  3.412397e+01   2.710368e-07   9.248850e-06  -5.689228e-02
  3.446692e+01   2.306217e-07   7.948819e-06  -5.634311e-02
  3.481332e+01   1.958951e-07   6.819759e-06  -5.579907e-02
  3.516320e+01   1.661082e-07   5.840896e-06  -5.526012e-02
  3.551659e+01   1.406032e-07   4.993745e-06  -5.472620e-02
  3.587354e+01   1.188031e-07   4.261888e-06  -5.419729e-02
  3.623408e+01   1.002032e-07   3.630769e-06  -5.367333e-02
  3.659823e+01   8.436229e-08   3.087511e-06  -5.315427e-02
  3.696605e+01   7.089580e-08   2.620738e-06  -5.264009e-02
  3.733757e+01   5.946891e-08   2.220424e-06  -5.213073e-02
  3.771282e+01   4.979075e-08   1.877749e-06  -5.162615e-02
  3.809184e+01   4.160910e-08   1.584967e-06  -5.112632e-02
  3.847467e+01   3.470571e-08   1.335291e-06  -5.063118e-02
  3.886134e+01   2.889202e-08   1.122783e-06  -5.014070e-02
  3.925191e+01   2.400552e-08   9.422626e-07  -4.965484e-02
  3.964639e+01   1.990637e-08   7.892157e-07  -4.917355e-02
  4.004485e+01   1.647449e-08   6.597184e-07  -4.869680e-02
  4.044730e+01   1.360700e-08   5.503664e-07  -4.822455e-02
  4.085381e+01   1.121591e-08   4.582124e-07  -4.775675e-02
  4.126439e+01   9.226123e-09   3.807104e-07  -4.729337e-02
  4.167911e+01   7.573699e-09   3.156650e-07  -4.683436e-02
  4.209799e+01   6.204286e-09   2.611880e-07  -4.637969e-02
  4.252108e+01   5.071792e-09   2.156581e-07  -4.592932e-02
  4.294843e+01   4.137211e-09   1.776867e-07  -4.548322e-02
  4.338006e+01   3.367606e-09   1.460870e-07  -4.504133e-02
  4.381604e+01   2.735224e-09   1.198467e-07  -4.460363e-02
  4.425640e+01   2.216732e-09   9.810456e-08  -4.417008e-02
  4.470118e+01   1.792554e-09   8.012928e-08  -4.374064e-02
  4.515044e+01   1.446308e-09   6.530142e-08  -4.331527e-02
  4.560421e+01   1.164310e-09   5.309744e-08  -4.289394e-02
  4.606254e+01   9.351608e-10   4.307588e-08  -4.247662e-02
  4.652547e+01   7.493828e-10   3.486539e-08  -4.206325e-02
  4.699306e+01   5.991159e-10   2.815429e-08  -4.165382e-02
  4.746535e+01   4.778565e-10   2.268163e-08  -4.124828e-02
  4.794239e+01   3.802362e-10   1.822943e-08  -4.084660e-02
  4.842422e+01   3.018341e-10   1.461608e-08  -4.044874e-02
  4.891089e+01   2.390185e-10   1.169061e-08  -4.005467e-02
  4.940245e+01   1.888134e-10   9.327843e-09  -3.966435e-02
  4.989895e+01   1.487857e-10   7.424250e-09  -3.927776e-02
  5.040044e+01   1.169515e-10   5.894410e-09  -3.889485e-02
  5.090698e+01   9.169726e-11   4.668030e-09  -3.851560e-02
  5.141860e+01   7.171355e-11   3.687411e-09  -3.813996e-02
  5.193537e+01   5.594092e-11   2.905312e-09  -3.776792e-02
  5.245733e+01   4.352413e-11   2.283160e-09  -3.739942e-02
  5.298453e+01   3.377470e-11   1.789537e-09  -3.703445e-02
  5.351703e+01   2.613980e-11   1.398925e-09  -3.667297e-02
  5.405489e+01   2.017674e-11   1.090651e-09  -3.631495e-02
  5.459815e+01   1.553194e-11   8.480154e-10  -3.596035e-02
  5.514687e+01   1.192381e-11   6.575608e-10  -3.560915e-02
  5.570111e+01   9.128653e-12   5.084761e-10  -3.526131e-02
  5.626091e+01   6.969294e-12   3.920988e-10  -3.491681e-02
  5.682634e+01   5.305778e-12   3.015080e-10  -3.457560e-02
  5.739746e+01   4.027870e-12   2.311895e-10  -3.423767e-02
  5.797431e+01   3.048985e-12   1.767628e-10  -3.390298e-02
  5.855696e+01   2.301316e-12   1.347581e-10  -3.357150e-02
  5.914547e+01   1.731911e-12   1.024347e-10  -3.324321e-02
  5.973989e+01   1.299543e-12   7.763453e-11  -3.291806e-02
  6.034029e+01   9.722056e-13   5.866317e-11  -3.259604e-02
  6.094672e+01   7.251292e-13   4.419425e-11  -3.227712e-02
  6.155924e+01   5.391991e-13   3.319269e-11  -3.196126e-02
  6.217792e+01   3.997110e-13   2.485320e-11  -3.164844e-02
  6.280282e+01   2.953880e-13   1.855120e-11  -3.133863e-02
  6.343400e+01   2.176084e-13   1.380377e-11  -3.103180e-02
  6.407152e+01   1.598015e-13   1.023873e-11  -3.072792e-02
  6.471545e+01   1.169755e-13   7.570121e-12  -3.042698e-02
  6.536585e+01   8.534997e-14   5.578974e-12  -3.012893e-02
  6.602279e+01   6.207152e-14   4.098135e-12  -2.983375e-02
  6.668633e+01   4.499328e-14   3.000437e-12  -2.954142e-02
  6.735654e+01   3.250534e-14   2.189447e-12  -2.925191e-02
  6.803348e+01   2.340448e-14   1.592288e-12  -2.896519e-02
  6.871723e+01   1.679445e-14   1.154068e-12  -2.868124e-02
  6.940785e+01   1.200993e-14   8.335831e-13  -2.840003e-02
  7.010541e+01   8.558694e-15   6.000108e-13  -2.812153e-02
  7.080998e+01   6.077881e-15   4.303747e-13  -2.784573e-02
  7.152164e+01   4.300898e-15   3.076073e-13  -