#       r             V(r)
  3.35462624e-04  -5.96191602e+03
  3.38834157e-04  -5.90259277e+03
  3.42239422e-04  -5.84386230e+03
  3.45679058e-04  -5.78571338e+03
  3.49153095e-04  -5.72814648e+03
  3.52662231e-04  -5.67114893e+03
  3.56206467e-04  -5.61472119e+03
  3.59786471e-04  -5.55885254e+03
  3.63402301e-04  -5.50354248e+03
  3.67054628e-04  -5.44878027e+03
  3.70743510e-04  -5.39456494e+03
  3.74469615e-04  -5.34088721e+03
  3.78233002e-04  -5.28774609e+03
  3.82034399e-04  -5.23513086e+03
  3.85873835e-04  -5.18304102e+03
  3.89752007e-04  -5.13146826e+03
  3.93668975e-04  -5.08041064e+03
  3.97625525e-04  -5.02985840e+03
  4.01621626e-04  -4.97981152e+03
  4.05658066e-04  -4.93026074e+03
  4.09734901e-04  -4.88120508e+03
  4.13852889e-04  -4.83263525e+03
  4.18012089e-04  -4.78455078e+03
  4.22213285e-04  -4.73694238e+03
  4.26456478e-04  -4.68981055e+03
  4.30742541e-04  -4.64314502e+03
  4.35071677e-04  -4.59694385e+03
  4.39444120e-04  -4.55120459e+03
  4.43860685e-04  -4.50591846e+03
  4.48321458e-04  -4.46108447e+03
  4.52827255e-04  -4.41669531e+03
  4.57378133e-04  -4.37274951e+03
  4.61974967e-04  -4.32923877e+03
  4.66617785e-04  -4.28616309e+03
  4.71307489e-04  -4.24351416e+03
  4.76044079e-04  -4.20129150e+03
  4.80828516e-04  -4.15948730e+03
  4.85660799e-04  -4.11810059e+03
  4.90541861e-04  -4.07712402e+03
  4.95471817e-04  -4.03655664e+03
  5.00451482e-04  -3.99639136e+03
  5.05480974e-04  -3.95662769e+03
  5.10561280e-04  -3.91725757e+03
  5.15692343e-04  -3.87828125e+03
  5.20875270e-04  -3.83969092e+03
  5.26110001e-04  -3.80148633e+03
  5.31397643e-04  -3.76365991e+03
  5.36738138e-04  -3.72621191e+03
  5.42132591e-04  -3.68913452e+03
  5.47580945e-04  -3.65242798e+03
  5.53084363e-04  -3.61608496e+03
  5.58642845e-04  -3.58010498e+03
  5.64257381e-04  -3.54448169e+03
  5.69928437e-04  -3.50921240e+03
  5.75656130e-04  -3.47429639e+03
  5.81441738e-04  -3.43972559e+03
  5.87285147e-04  -3.40550073e+03
  5.93187637e-04  -3.37161450e+03
  5.99149091e-04  -3.33806738e+03
  6.05170790e-04  -3.30485229e+03
  6.11252675e-04  -3.27196924e+03
  6.17396028e-04  -3.23941187e+03
  6.23600790e-04  -3.20717993e+03
  6.29868242e-04  -3.17526733e+03
  6.36198383e-04  -3.14367358e+03
  6.42592437e-04  -3.11239258e+03
  6.49050402e-04  -3.08142480e+03
  6.55573618e-04  -3.05076343e+03
  6.62162085e-04  -3.02040845e+03
  6.68817083e-04  -2.99035425e+03
  6.75538671e-04  -2.96060034e+03
  6.82328071e-04  -2.93114136e+03
  6.89185399e-04  -2.90197681e+03
  6.96111994e-04  -2.87310083e+03
  7.03107857e-04  -2.84451392e+03
  7.10174383e-04  -2.81620972e+03
  7.17311574e-04  -2.78818872e+03
  7.24520825e-04  -2.76044507e+03
  7.31802545e-04  -2.73297754e+03
  7.39157142e-04  -2.70578467e+03
  7.46585953e-04  -2.67886108e+03
  7.54089095e-04  -2.65220654e+03
  7.61667965e-04  -2.62581616e+03
  7.69322680e-04  -2.59968945e+03
  7.77054694e-04  -2.57382129e+03
  7.84864009e-04  -2.54821216e+03
  7.92752195e-04  -2.52285645e+03
  8.00719310e-04  -2.49775415e+03
  8.08766868e-04  -2.47290039e+03
  8.16894870e-04  -2.44829541e+03
  8.25105002e-04  -2.42393384e+03
  8.33397266e-04  -2.39981592e+03
  8.41773232e-04  -2.37593677e+03
  8.50232958e-04  -2.35229639e+03
  8.58778134e-04  -2.32889014e+03
  8.67408817e-04  -2.30571777e+03
  8.76126578e-04  -2.28277515e+03
  8.84931593e-04  -2.26006177e+03
  8.93825490e-04  -2.23757324e+03
  9.02808388e-04  -2.21530957e+03
  9.11881973e-04  -2.19326636e+03
  9.21046303e-04  -2.17144360e+03
  9.30303184e-04  -2.14983667e+03
  9.39653080e-04  -2.12844507e+03
  9.49096517e-04  -2.10726733e+03
  9.58635355e-04  -2.08629907e+03
  9.68269538e-04  -2.06554053e+03
  9.78001044e-04  -2.04498755e+03
  9.87829873e-04  -2.02464014e+03
  9.97758005e-04  -2.00449402e+03
  1.00778532e-03  -1.98454968e+03
  1.01791392e-03  -1.96480273e+03
  1.02814392e-03  -1.94525293e+03
  1.03847717e-03  -1.92589697e+03
  1.04891381e-03  -1.90673438e+03
  1.05945580e-03  -1.88776160e+03
  1.07010326e-03  -1.86897852e+03
  1.08085817e-03  -1.85038159e+03
  1.09172077e-03  -1.83197034e+03
  1.10269291e-03  -1.81374158e+03
  1.11377495e-03  -1.79569495e+03
  1.12496887e-03  -1.77782703e+03
  1.13627466e-03  -1.76013782e+03
  1.14769465e-03  -1.74262378e+03
  1.15922897e-03  -1.72528467e+03
  1.17087958e-03  -1.70811755e+03
  1.18264684e-03  -1.69112195e+03
  1.19453296e-03  -1.67429456e+03
  1.20653794e-03  -1.65763538e+03
  1.21866411e-03  -1.64114136e+03
  1.23091217e-03  -1.62481128e+03
  1.24328269e-03  -1.60864465e+03
  1.25577813e-03  -1.59263806e+03
  1.26839860e-03  -1.57679138e+03
  1.28114654e-03  -1.56110168e+03
  1.29402196e-03  -1.54556885e+03
  1.30702741e-03  -1.53018982e+03
  1.32016290e-03  -1.51496460e+03
  1.33343111e-03  -1.49989001e+03
  1.34683202e-03  -1.48496619e+03
  1.36036822e-03  -1.47019019e+03
  1.37403980e-03  -1.45556189e+03
  1.38784945e-03  -1.44107849e+03
  1.40179717e-03  -1.42673999e+03
  1.41588575e-03  -1.41254333e+03
  1.43011531e-03  -1.39848865e+03
  1.44448853e-03  -1.38457312e+03
  1.45900552e-03  -1.37079675e+03
  1.47366908e-03  -1.35715674e+03
  1.48847944e-03  -1.34365308e+03
  1.50343915e-03  -1.33028333e+03
  1.51854858e-03  -1.31704712e+03
  1.53381063e-03  -1.30394189e+03
  1.54922530e-03  -1.29096777e+03
  1.56479562e-03  -1.27812219e+03
  1.58052251e-03  -1.26540430e+03
  1.59640657e-03  -1.25281372e+03
  1.61245116e-03  -1.24034766e+03
  1.62865606e-03  -1.22800635e+03
  1.64502475e-03  -1.21578723e+03
  1.66155712e-03  -1.20369019e+03
  1.67825643e-03  -1.19171301e+03
  1.69512280e-03  -1.17985547e+03
  1.71215937e-03  -1.16811560e+03
  1.72936649e-03  -1.15649292e+03
  1.74674729e-03  -1.14498535e+03
  1.76430191e-03  -1.13359277e+03
  1.78203394e-03  -1.12231311e+03
  1.79994316e-03  -1.11114624e+03
  1.81803340e-03  -1.10008984e+03
  1.83630444e-03  -1.08914404e+03
  1.85475999e-03  -1.07830664e+03
  1.87340018e-03  -1.06757751e+03
  1.89222861e-03  -1.05695471e+03
  1.91124540e-03  -1.04643811e+03
  1.93045416e-03  -1.03602563e+03
  1.94985501e-03  -1.02571729e+03
  1.96945178e-03  -1.01551105e+03
  1.98924472e-03  -1.00540674e+03
  2.00923742e-03  -9.95402527e+02
  2.02943105e-03  -9.85497864e+02
  2.04982655e-03  -9.75692322e+02
  2.07042811e-03  -9.65983826e+02
  2.09123595e-03  -9.56372253e+02
  2.11225357e-03  -9.46856018e+02
  2.13348167e-03  -9.37434814e+02
  2.15492398e-03  -9.28106995e+02
  2.17658072e-03  -9.18872437e+02
  2.19845632e-03  -9.09729248e+02
  2.22055055e-03  -9.00677551e+02
  2.24286783e-03  -8.91715515e+02
  2.26540864e-03  -8.82842957e+02
  2.28817691e-03  -8.74058289e+02
  2.31117290e-03  -8.65361511e+02
  2.33440101e-03  -8.56750854e+02
  2.35786149e-03  -8.48226257e+02
  2.38155900e-03  -8.39786011e+02
  2.40549352e-03  -8.31430237e+02
  2.42966972e-03  -8.23157166e+02
  2.45408760e-03  -8.14966858e+02
  2.47875229e-03  -8.06857544e+02
  2.50366353e-03  -7.98829407e+02
  2.52882624e-03  -7.90880737e+02
  2.55424064e-03  -7.83011597e+02
  2.57991184e-03  -7.75220276e+02
  2.60584103e-03  -7.67506531e+02
  2.63202959e-03  -7.59869873e+02
  2.65848241e-03  -7.52308899e+02
  2.68519996e-03  -7.44823486e+02
  2.71218736e-03  -7.37412170e+02
  2.73944461e-03  -7.30075012e+02
  2.76697706e-03  -7.22810486e+02
  2.79478496e-03  -7.15618591e+02
  2.82287365e-03  -7.08497864e+02
  2.85124336e-03  -7.01448364e+02
  2.87989946e-03  -6.94468689e+02
  2.90884217e-03  -6.87558777e+02
  2.93807732e-03  -6.80717285e+02
  2.96760467e-03  -6.73944214e+02
  2.99743027e-03  -6.67238220e+02
  3.02755414e-03  -6.60599243e+02
  3.05798231e-03  -6.54026001e+02
  3.08871479e-03  -6.47518494e+02
  3.11975763e-03  -6.41075439e+02
  3.15111084e-03  -6.34696838e+02
  3.18278070e-03  -6.28381348e+02
  3.21476744e-03  -6.22128967e+02
  3.24707711e-03  -6.15938538e+02
  3.27970996e-03  -6.09809998e+02
  3.31267249e-03  -6.03742126e+02
  3.34596448e-03  -5.97734985e+02
  3.37959267e-03  -5.91787292e+02
  3.41355894e-03  -5.85898804e+02
  3.44786490e-03  -5.80069153e+02
  3.48251732e-03  -5.74297241e+02
  3.51751642e-03  -5.68583008e+02
  3.55286896e-03  -5.62925354e+02
  3.58857494e-03  -5.57324280e+02
  3.62464157e-03  -5.51778687e+02
  3.66106885e-03  -5.46288574e+02
  3.69786401e-03  -5.40852783e+02
  3.73502728e-03  -5.35471313e+02
  3.77256586e-03  -5.30143188e+02
  3.81047977e-03  -5.24868286e+02
  3.84877669e-03  -5.19645630e+02
  3.88745661e-03  -5.14475220e+02
  3.92652676e-03  -5.09356018e+02
  3.96598829e-03  -5.04287933e+02
  4.00584796e-03  -4.99270081e+02
  4.04610625e-03  -4.94302399e+02
  4.08677151e-03  -4.89383850e+02
  4.12784331e-03  -4.84514526e+02
  4.16932954e-03  -4.79693420e+02
  4.21123113e-03  -4.74920502e+02
  4.25355555e-03  -4.70194855e+02
  4.29630326e-03  -4.65516479e+02
  4.33948310e-03  -4.60884399e+02
  4.38309647e-03  -4.56298431e+02
  4.42714617e-03  -4.51758301e+02
  4.47164103e-03  -4.47263092e+02
  4.51658061e-03  -4.42812866e+02
  4.56197374e-03  -4.38406738e+02
  4.60782135e-03  -4.34044617e+02
  4.65413183e-03  -4.29725677e+02
  4.70090564e-03  -4.25449921e+02
  4.74815164e-03  -4.21216553e+02
  4.79586981e-03  -4.17025513e+02
  4.84407041e-03  -4.12875916e+02
  4.89275297e-03  -4.08767822e+02
  4.94192680e-03  -4.04700439e+02
  4.99159284e-03  -4.00673706e+02
  5.04176039e-03  -3.96686829e+02
  5.09242993e-03  -3.92739807e+02
  5.14361076e-03  -3.88831909e+02
  5.19530335e-03  -3.84963074e+02
  5.24751842e-03  -3.81132538e+02
  5.30025549e-03  -3.77340302e+02
  5.35352528e-03  -3.73585602e+02
  5.40732779e-03  -3.69868469e+02
  5.46167372e-03  -3.66188110e+02
  5.51656261e-03  -3.62544617e+02
  5.57200657e-03  -3.58937134e+02
  5.62800746e-03  -3.55365570e+02
  5.68456855e-03  -3.51829681e+02
  5.74170053e-03  -3.48328857e+02
  5.79940435e-03  -3.44863007e+02
  5.85769070e-03  -3.41431488e+02
  5.91655960e-03  -3.38034271e+02
  5.97602362e-03  -3.34670685e+02
  6.03608228e-03  -3.31340759e+02
  6.09674724e-03  -3.28043793e+02
  6.15801895e-03  -3.24779785e+02
  6.21990953e-03  -3.21548096e+02
  6.28241897e-03  -3.18348724e+02
  6.34555984e-03  -3.15181030e+02
  6.40933216e-03  -3.12044983e+02
  6.47374848e-03  -3.08940033e+02
  6.53880928e-03  -3.05866089e+02
  6.60452666e-03  -3.02822601e+02
  6.67090155e-03  -2.99809540e+02
  6.73794700e-03  -2.96826324e+02
  6.80566300e-03  -2.93872925e+02
  6.87406259e-03  -2.90948761e+02
  6.94314623e-03  -2.88053864e+02
  7.01292744e-03  -2.85187622e+02
  7.08340667e-03  -2.82350006e+02
  7.15459790e-03  -2.79540527e+02
  7.22650113e-03  -2.76759094e+02
  7.29913032e-03  -2.74005249e+02
  7.37248966e-03  -2.71278778e+02
  7.44658243e-03  -2.68579590e+02
  7.52142351e-03  -2.65907104e+02
  7.59701338e-03  -2.63261353e+02
  7.67336600e-03  -2.60641815e+02
  7.75048276e-03  -2.58048431e+02
  7.82837812e-03  -2.55480759e+02
  7.90705252e-03  -2.52938751e+02
  7.98652228e-03  -2.50421890e+02
  8.06678552e-03  -2.47930237e+02
  8.14785995e-03  -2.45463226e+02
  8.22974555e-03  -2.43020874e+02
  8.31245724e-03  -2.40602737e+02
  8.39599688e-03  -2.38208755e+02
  8.48038029e-03  -2.35838486e+02
  8.56560748e-03  -2.33491898e+02
  8.65169521e-03  -2.31168564e+02
  8.73864442e-03  -2.28868454e+02
  8.82647093e-03  -2.26591125e+02
  8.91517662e-03  -2.24336548e+02
  9.00477730e-03  -2.22104324e+02
  9.09527484e-03  -2.19894394e+02
  9.18668602e-03  -2.17706360e+02
  9.27901082e-03  -2.15540222e+02
  9.37226880e-03  -2.13395508e+02
  9.46646370e-03  -2.11272141e+02
  9.56160109e-03  -2.09169983e+02
  9.65769868e-03  -2.07088669e+02
  9.75475833e-03  -2.05028137e+02
  9.85279679e-03  -2.02988052e+02
  9.95181687e-03  -2.00968323e+02
  1.00518363e-02  -1.98968628e+02
  1.01528568e-02  -1.96988892e+02
  1.02548972e-02  -1.95028778e+02
  1.03579583e-02  -1.93088242e+02
  1.04620596e-02  -1.91166946e+02
  1.05672022e-02  -1.89264862e+02
  1.06734065e-02  -1.87381607e+02
  1.07806735e-02  -1.85517166e+02
  1.08890235e-02  -1.83671204e+02
  1.09984577e-02  -1.81843674e+02
  1.11089963e-02  -1.80034271e+02
  1.12206414e-02  -1.78242935e+02
  1.13334125e-02  -1.76469360e+02
  1.14473132e-02  -1.74713486e+02
  1.15623632e-02  -1.72975021e+02
  1.16785634e-02  -1.71253937e+02
  1.17959380e-02  -1.69549896e+02
  1.19144861e-02  -1.67862885e+02
  1.20342318e-02  -1.66192581e+02
  1.21551799e-02  -1.64538910e+02
  1.22773387e-02  -1.62901749e+02
  1.24007305e-02  -1.61280823e+02
  1.25253573e-02  -1.59676086e+02
  1.26512423e-02  -1.58087234e+02
  1.27783855e-02  -1.56514297e+02
  1.29068140e-02  -1.54956909e+02
  1.30365258e-02  -1.53415100e+02
  1.31675489e-02  -1.51888550e+02
  1.32998815e-02  -1.50377274e+02
  1.34335505e-02  -1.48880966e+02
  1.35685569e-02  -1.47399612e+02
  1.37049258e-02  -1.45932938e+02
  1.38426591e-02  -1.44480911e+02
  1.39817838e-02  -1.43043259e+02
  1.41222989e-02  -1.41619995e+02
  1.42642343e-02  -1.40210815e+02
  1.44075882e-02  -1.38815735e+02
  1.45523902e-02  -1.37434464e+02
  1.46986404e-02  -1.36067001e+02
  1.48463678e-02  -1.34713089e+02
  1.49955722e-02  -1.33372711e+02
  1.51462844e-02  -1.32045593e+02
  1.52985025e-02  -1.30731750e+02
  1.54522592e-02  -1.29430908e+02
  1.56075601e-02  -1.28143021e+02
  1.57644153e-02  -1.26868011e+02
  1.59228537e-02  -1.25605629e+02
  1.60828773e-02  -1.24355858e+02
  1.62445158e-02  -1.23118477e+02
  1.64077729e-02  -1.21893448e+02
  1.65726766e-02  -1.20680565e+02
  1.67392306e-02  -1.19479805e+02
  1.69074666e-02  -1.18290932e+02
  1.70773864e-02  -1.17113937e+02
  1.72490198e-02  -1.15948616e+02
  1.74223706e-02  -1.14794937e+02
  1.75974723e-02  -1.13652687e+02
  1.77743267e-02  -1.12521843e+02
  1.79529656e-02  -1.11402206e+02
  1.81333907e-02  -1.10293770e+02
  1.83156393e-02  -1.09196297e+02
  1.84997134e-02  -1.08109779e+02
  1.86856389e-02  -1.07034073e+02
  1.88734327e-02  -1.05969063e+02
  1.90631133e-02  -1.04914658e+02
  1.92547012e-02  -1.03870735e+02
  1.94482133e-02  -1.02837212e+02
  1.96436718e-02  -1.01813957e+02
  1.98410936e-02  -1.00800896e+02
  2.00404990e-02  -9.97979126e+01
  2.02419087e-02  -9.88049088e+01
  2.04453431e-02  -9.78217850e+01
  2.06508227e-02  -9.68484421e+01
  2.08583660e-02  -9.58847885e+01
  2.10679974e-02  -9.49307098e+01
  2.12797336e-02  -9.39861374e+01
  2.14935988e-02  -9.30509567e+01
  2.17096116e-02  -9.21250916e+01
  2.19277963e-02  -9.12084351e+01
  2.21481752e-02  -9.03008957e+01
  2.23707668e-02  -8.94023895e+01
  2.25955974e-02  -8.85128174e+01
  2.28226874e-02  -8.76320953e+01
  2.30520628e-02  -8.67601318e+01
  2.32837405e-02  -8.58968506e+01
  2.35177465e-02  -8.50421600e+01
  2.37541031e-02  -8.41959839e+01
  2.39928346e-02  -8.33582230e+01
  2.42339671e-02  -8.25287933e+01
  2.44775228e-02  -8.17076111e+01
  2.47235261e-02  -8.08946075e+01
  2.49720011e-02  -8.00896988e+01
  2.52229739e-02  -7.92927933e+01
  2.54764687e-02  -7.85038147e+01
  2.57325098e-02  -7.77226944e+01
  2.59911269e-02  -7.69493408e+01
  2.62523405e-02  -7.61836853e+01
  2.65161805e-02  -7.54256439e+01
  2.67826729e-02  -7.46751480e+01
  2.70518437e-02  -7.39321136e+01
  2.73237191e-02  -7.31964798e+01
  2.75983270e-02  -7.24681625e+01
  2.78756935e-02  -7.17470932e+01
  2.81558484e-02  -7.10332031e+01
  2.84388196e-02  -7.03264084e+01
  2.87246350e-02  -6.96266479e+01
  2.90133208e-02  -6.89338531e+01
  2.93049105e-02  -6.82479477e+01
  2.95994356e-02  -6.75688553e+01
  2.98969150e-02  -6.68965378e+01
  3.01973838e-02  -6.62309036e+01
  3.05008721e-02  -6.55718994e+01
  3.08074113e-02  -6.49194412e+01
  3.11170295e-02  -6.42734909e+01
  3.14297602e-02  -6.36339569e+01
  3.17456350e-02  -6.30007858e+01
  3.20646837e-02  -6.23739204e+01
  3.23869400e-02  -6.17532883e+01
  3.27124335e-02  -6.11388321e+01
  3.30411978e-02  -6.05304947e+01
  3.33732665e-02  -5.99282074e+01
  3.37086730e-02  -5.93319130e+01
  3.40474509e-02  -5.87415504e+01
  3.43896337e-02  -5.81570587e+01
  3.47352549e-02  -5.75783882e+01
  3.50843482e-02  -5.70054779e+01
  3.54369506e-02  -5.64382629e+01
  3.57930996e-02  -5.58766937e+01
  3.61528248e-02  -5.53207130e+01
  3.65161672e-02  -5.47702599e+01
  3.68831605e-02  -5.42252884e+01
  3.72538418e-02  -5.36857376e+01
  3.76282483e-02  -5.31515579e+01
  3.80064175e-02  -5.26226921e+01
  3.83883975e-02  -5.20990753e+01
  3.87742072e-02  -5.15806808e+01
  3.91638950e-02  -5.10674438e+01
  3.95574979e-02  -5.05593147e+01
  3.99550572e-02  -5.00562401e+01
  4.03566100e-02  -4.95581779e+01
  4.07622010e-02  -4.90650635e+01
  4.11718674e-02  -4.85768585e+01
  4.15856540e-02  -4.80935097e+01
  4.20035943e-02  -4.76149712e+01
  4.24257368e-02  -4.71411972e+01
  4.28521223e-02  -4.66721344e+01
  4.32827920e-02  -4.62077408e+01
  4.37177904e-02  -4.57479668e+01
  4.41571623e-02  -4.52927666e+01
  4.46009487e-02  -4.48420944e+01
  4.50491942e-02  -4.43959122e+01
  4.55019474e-02  -4.39541626e+01
  4.59592491e-02  -4.35168114e+01
  4.64211479e-02  -4.30838127e+01
  4.68876883e-02  -4.26551208e+01
  4.73589152e-02  -4.22306976e+01
  4.78348807e-02  -4.18104935e+01
  4.83156294e-02  -4.13944740e+01
  4.88012061e-02  -4.09825935e+01
  4.92916666e-02  -4.05748100e+01
  4.97870669e-02  -4.01710739e+01
  5.02874367e-02  -3.97713661e+01
  5.07928319e-02  -3.93756332e+01
  5.13033085e-02  -3.89838409e+01
  5.18189147e-02  -3.85959435e+01
  5.23397028e-02  -3.82119102e+01
  5.28657250e-02  -3.78316956e+01
  5.33970334e-02  -3.74552650e+01
  5.39336838e-02  -3.70825768e+01
  5.44757247e-02  -3.67136002e+01
  5.50232157e-02  -3.63482933e+01
  5.55762053e-02  -3.59866257e+01
  5.61347567e-02  -3.56285515e+01
  5.66989183e-02  -3.52740402e+01
  5.72687536e-02  -3.49230576e+01
  5.78443110e-02  -3.45755692e+01
  5.84256575e-02  -3.42315369e+01
  5.90128452e-02  -3.38909264e+01
  5.96059337e-02  -3.35537071e+01
  6.02049828e-02  -3.32198410e+01
  6.08100519e-02  -3.28892975e+01
  6.14212006e-02  -3.25620461e+01
  6.20384961e-02  -3.22380486e+01
  6.26619905e-02  -3.19172745e+01
  6.32917508e-02  -3.15996952e+01
  6.39278591e-02  -3.12852650e+01
  6.45703450e-02  -3.09739704e+01
  6.52192906e-02  -3.06657734e+01
  6.58747554e-02  -3.03606434e+01
  6.65368065e-02  -3.00585518e+01
  6.72055110e-02  -2.97594643e+01
  6.78809360e-02  -2.94633541e+01
  6.85631484e-02  -2.91701889e+01
  6.92522228e-02  -2.88799400e+01
  6.99482188e-02  -2.85925789e+01
  7.06512034e-02  -2.83080807e+01
  7.13612586e-02  -2.80264111e+01
  7.20784515e-02  -2.77475433e+01
  7.28028566e-02  -2.74714489e+01
  7.35345334e-02  -2.71981049e+01
  7.42735639e-02  -2.69274807e+01
  7.50200301e-02  -2.66595459e+01
  7.57739916e-02  -2.63942814e+01
  7.65355304e-02  -2.61316547e+01
  7.73047283e-02  -2.58716393e+01
  7.80816525e-02  -2.56142120e+01
  7.88663849e-02  -2.53593464e+01
  7.96590000e-02  -2.51070194e+01
  8.04595873e-02  -2.48571987e+01
  8.12682211e-02  -2.46098652e+01
  8.20849761e-02  -2.43649940e+01
  8.29099640e-02  -2.41225529e+01
  8.37432221e-02  -2.38825302e+01
  8.45848545e-02  -2.36448956e+01
  8.54349509e-02  -2.34096222e+01
  8.62935856e-02  -2.31766930e+01
  8.71608481e-02  -2.29460831e+01
  8.80368277e-02  -2.27177658e+01
  8.89216140e-02  -2.24917202e+01
  8.98152888e-02  -2.22679234e+01
  9.07179415e-02  -2.20463562e+01
  9.16296765e-02  -2.18269901e+01
  9.25505683e-02  -2.16098080e+01
  9.34807137e-02  -2.13947868e+01
  9.44202095e-02  -2.11819057e+01
  9.53691453e-02  -2.09711437e+01
  9.63276252e-02  -2.07624760e+01
  9.72957313e-02  -2.05558872e+01
  9.82735679e-02  -2.03513527e+01
  9.92612317e-02  -2.01488533e+01
  1.00258827e-01  -1.99483681e+01
  1.01266444e-01  -1.97498798e+01
  1.02284186e-01  -1.95533657e+01
  1.03312157e-01  -1.93588066e+01
  1.04350463e-01  -1.91661816e+01
  1.05399199e-01  -1.89754772e+01
  1.06458478e-01  -1.87866669e+01
  1.07528426e-01  -1.85997334e+01
  1.08609103e-01  -1.84146633e+01
  1.09700643e-01  -1.82314339e+01
  1.10803150e-01  -1.80500278e+01
  1.11916743e-01  -1.78704262e+01
  1.13041520e-01  -1.76926136e+01
  1.14177607e-01  -1.75165691e+01
  1.15325108e-01  -1.73422775e+01
  1.16484150e-01  -1.71697178e+01
  1.17654830e-01  -1.69988766e+01
  1.18837282e-01  -1.68297348e+01
  1.20031618e-01  -1.66622772e+01
  1.21237949e-01  -1.64964848e+01
  1.22456409e-01  -1.63323421e+01
  1.23687118e-01  -1.61698322e+01
  1.24930196e-01  -1.60089397e+01
  1.26185760e-01  -1.58496494e+01
  1.27453953e-01  -1.56919413e+01
  1.28734872e-01  -1.55358057e+01
  1.30028680e-01  -1.53812218e+01
  1.31335497e-01  -1.52281752e+01
  1.32655442e-01  -1.50766525e+01
  1.33988649e-01  -1.49266376e+01
  1.35335252e-01  -1.47781153e+01
  1.36695415e-01  -1.46310682e+01
  1.38069212e-01  -1.44854889e+01
  1.39456838e-01  -1.43413544e+01
  1.40858397e-01  -1.41986561e+01
  1.42274052e-01  -1.40573769e+01
  1.43703923e-01  -1.39175043e+01
  1.45148173e-01  -1.37790232e+01
  1.46606952e-01  -1.36419182e+01
  1.48080379e-01  -1.35061779e+01
  1.49568602e-01  -1.33717899e+01
  1.51071787e-01  -1.32387390e+01
  1.52590081e-01  -1.31070118e+01
  1.54123649e-01  -1.29765940e+01
  1.55672610e-01  -1.28474751e+01
  1.57237142e-01  -1.27196407e+01
  1.58817396e-01  -1.25930786e+01
  1.60413548e-01  -1.24677744e+01
  1.62025720e-01  -1.23437195e+01
  1.63654104e-01  -1.22208977e+01
  1.65298849e-01  -1.20992975e+01
  1.66960150e-01  -1.19789066e+01
  1.68638125e-01  -1.18597145e+01
  1.70332968e-01  -1.17417078e+01
  1.72044843e-01  -1.16248760e+01
  1.73773929e-01  -1.15092058e+01
  1.75520375e-01  -1.13946886e+01
  1.77284390e-01  -1.12813091e+01
  1.79066122e-01  -1.11690588e+01
  1.80865765e-01  -1.10579243e+01
  1.82683498e-01  -1.09478960e+01
  1.84519485e-01  -1.08389635e+01
  1.86373934e-01  -1.07311144e+01
  1.88247025e-01  -1.06243382e+01
  1.90138966e-01  -1.05186224e+01
  1.92049891e-01  -1.04139605e+01
  1.93980023e-01  -1.03103399e+01
  1.95929557e-01  -1.02077503e+01
  1.97898671e-01  -1.01061821e+01
  1.99887589e-01  -1.00056238e+01
  2.01896489e-01  -9.90606594e+00
  2.03925580e-01  -9.80749893e+00
  2.05975071e-01  -9.70991325e+00
  2.08045140e-01  -9.61329842e+00
  2.10136026e-01  -9.51764488e+00
  2.12247938e-01  -9.42294216e+00
  2.14381054e-01  -9.32918262e+00
  2.16535643e-01  -9.23635483e+00
  2.18711868e-01  -9.14445114e+00
  2.20909953e-01  -9.05346298e+00
  2.23130137e-01  -8.96337891e+00
  2.25372627e-01  -8.87419224e+00
  2.27637663e-01  -8.78589249e+00
  2.29925454e-01  -8.69847107e+00
  2.32236236e-01  -8.61192036e+00
  2.34570250e-01  -8.52623081e+00
  2.36927718e-01  -8.44139290e+00
  2.39308879e-01  -8.35739994e+00
  2.41713971e-01  -8.27424240e+00
  2.44143233e-01  -8.19191265e+00
  2.46596947e-01  -8.11040020e+00
  2.49075279e-01  -8.02970123e+00
  2.51578510e-01  -7.94980478e+00
  2.54106939e-01  -7.87070227e+00
  2.56660730e-01  -7.79238796e+00
  2.59240210e-01  -7.71485233e+00
  2.61845618e-01  -7.63808870e+00
  2.64477223e-01  -7.56208801e+00
  2.67135262e-01  -7.48684406e+00
  2.69820005e-01  -7.41234875e+00
  2.72531748e-01  -7.33859444e+00
  2.75270730e-01  -7.26557446e+00
  2.78037250e-01  -7.19328070e+00
  2.80831605e-01  -7.12170553e+00
  2.83654004e-01  -7.05084372e+00
  2.86504775e-01  -6.98068666e+00
  2.89384186e-01  -6.91122770e+00
  2.92292535e-01  -6.84246016e+00
  2.95230120e-01  -6.77437639e+00
  2.98197240e-01  -6.70697021e+00
  3.01194161e-01  -6.64023495e+00
  3.04221213e-01  -6.57416344e+00
  3.07278693e-01  -6.50874949e+00
  3.10366869e-01  -6.44398689e+00
  3.13486129e-01  -6.37986755e+00
  3.16636741e-01  -6.31638622e+00
  3.19819003e-01  -6.25353718e+00
  3.23033214e-01  -6.19131374e+00
  3.26279759e-01  -6.12970924e+00
  3.29558909e-01  -6.06871796e+00
  3.32871050e-01  -6.00833273e+00
  3.36216450e-01  -5.94854879e+00
  3.39595467e-01  -5.88935995e+00
  3.43008459e-01  -5.83076000e+00
  3.46455753e-01  -5.77274275e+00
  3.49937677e-01  -5.71530342e+00
  3.53454620e-01  -5.65843487e+00
  3.57006878e-01  -5.60213280e+00
  3.60594898e-01  -5.54639006e+00
  3.64218950e-01  -5.49120235e+00
  3.67879391e-01  -5.43656445e+00
  3.71576637e-01  -5.38246965e+00
  3.75311047e-01  -5.32891321e+00
  3.79082978e-01  -5.27588987e+00
  3.82892817e-01  -5.22339392e+00
  3.86740953e-01  -5.17142010e+00
  3.90627772e-01  -5.11996365e+00
  3.94553632e-01  -5.06901932e+00
  3.98518980e-01  -5.01858139e+00
  4.02524173e-01  -4.96864557e+00
  4.06569600e-01  -4.91920710e+00
  4.10655677e-01  -4.87026024e+00
  4.14782852e-01  -4.82180023e+00
  4.18951482e-01  -4.77382231e+00
  4.23162013e-01  -4.72632217e+00
  4.27414864e-01  -4.67929459e+00
  4.31710452e-01  -4.63273478e+00
  4.36049223e-01  -4.58663797e+00
  4.40431565e-01  -4.54100037e+00
  4.44857985e-01  -4.49581671e+00
  4.49328870e-01  -4.45108271e+00
  4.53844726e-01  -4.40679359e+00
  4.58405942e-01  -4.36294508e+00
  4.63012993e-01  -4.31953335e+00
  4.67666358e-01  -4.27655315e+00
  4.72366482e-01  -4.23400068e+00
  4.77113813e-01  -4.19187212e+00
  4.81908917e-01  -4.15016174e+00
  4.86752182e-01  -4.10886717e+00
  4.91644114e-01  -4.06798315e+00
  4.96585220e-01  -4.02750587e+00
  5.01576006e-01  -3.98743153e+00
  5.06616890e-01  -3.94775629e+00
  5.11708498e-01  -3.90847516e+00
  5.16851246e-01  -3.86958528e+00
  5.22045672e-01  -3.83108234e+00
  5.27292311e-01  -3.79296255e+00
  5.32591701e-01  -3.75522184e+00
  5.37944317e-01  -3.71785688e+00
  5.43350756e-01  -3.68086362e+00
  5.48811555e-01  -3.64423823e+00
  5.54327190e-01  -3.60797739e+00
  5.59898257e-01  -3.57207751e+00
  5.65525353e-01  -3.53653455e+00
  5.71208954e-01  -3.50134563e+00
  5.76949716e-01  -3.46650672e+00
  5.82748175e-01  -3.43201423e+00
  5.88604867e-01  -3.39786530e+00
  5.94520450e-01  -3.36405587e+00
  6.00495458e-01  -3.33058310e+00
  6.06530547e-01  -3.29744315e+00
  6.12626314e-01  -3.26463294e+00
  6.18783295e-01  -3.23214936e+00
  6.25002146e-01  -3.19998908e+00
  6.31283522e-01  -3.16814852e+00
  6.37628019e-01  -3.13662505e+00
  6.44036293e-01  -3.10541511e+00
  6.50509000e-01  -3.07451558e+00
  6.57046735e-01  -3.04392362e+00
  6.63650155e-01  -3.01363611e+00
  6.70319915e-01  -2.98364997e+00
  6.77056789e-01  -2.95396185e+00
  6.83861315e-01  -2.92456961e+00
  6.90734208e-01  -2.89546967e+00
  6.97676182e-01  -2.86665940e+00
  7.04687953e-01  -2.83813572e+00
  7.11770177e-01  -2.80989575e+00
  7.18923628e-01  -2.78193665e+00
  7.26148903e-01  -2.75425601e+00
  7.33446836e-01  -2.72685075e+00
  7.40818083e-01  -2.69971800e+00
  7.48263419e-01  -2.67285562e+00
  7.55783617e-01  -2.64626002e+00
  7.63379395e-01  -2.61992931e+00
  7.71051466e-01  -2.59386063e+00
  7.78800666e-01  -2.56805110e+00
  7.86627710e-01  -2.54249883e+00
  7.94533491e-01  -2.51720047e+00
  8.02518666e-01  -2.49215388e+00
  8.10584128e-01  -2.46735644e+00
  8.18730593e-01  -2.44280601e+00
  8.26959014e-01  -2.41849947e+00
  8.35270047e-01  -2.39443517e+00
  8.43664646e-01  -2.37061024e+00
  8.52143645e-01  -2.34702206e+00
  8.60707819e-01  -2.32366896e+00
  8.69358063e-01  -2.30054808e+00
  8.78095269e-01  -2.27765727e+00
  8.86920273e-01  -2.25499415e+00
  8.95833969e-01  -2.23255658e+00
  9.04837251e-01  -2.21034217e+00
  9.13931012e-01  -2.18834901e+00
  9.23116207e-01  -2.16657448e+00
  9.32393670e-01  -2.14501667e+00
  9.41764355e-01  -2.12367344e+00
  9.51229274e-01  -2.10254264e+00
  9.60789263e-01  -2.08162189e+00
  9.70445335e-01  -2.06090951e+00
  9.80198503e-01  -2.04040313e+00
  9.90049660e-01  -2.02010059e+00
  9.99999821e-01  -2.00000048e+00
  1.01004994e+00  -1.98010015e+00
  1.02020121e+00  -1.96039760e+00
  1.03045440e+00  -1.94089127e+00
  1.04081059e+00  -1.92157924e+00
  1.05127096e+00  -1.90245914e+00
  1.06183636e+00  -1.88352942e+00
  1.07250798e+00  -1.86478794e+00
  1.08328688e+00  -1.84623301e+00
  1.09417403e+00  -1.82786274e+00
  1.10517073e+00  -1.80967510e+00
  1.11627781e+00  -1.79166865e+00
  1.12749660e+00  -1.77384126e+00
  1.13882816e+00  -1.75619125e+00
  1.15027356e+00  -1.73871684e+00
  1.16183400e+00  -1.72141635e+00
  1.17351067e+00  -1.70428789e+00
  1.18530464e+00  -1.68732989e+00
  1.19721711e+00  -1.67054081e+00
  1.20924938e+00  -1.65391862e+00
  1.22140253e+00  -1.63746178e+00
  1.23367786e+00  -1.62116873e+00
  1.24607646e+00  -1.60503793e+00
  1.25859976e+00  -1.58906758e+00
  1.27124894e+00  -1.57325602e+00
  1.28402519e+00  -1.55760181e+00
  1.29692984e+00  -1.54210341e+00
  1.30996418e+00  -1.52675927e+00
  1.32312953e+00  -1.51156783e+00
  1.33642721e+00  -1.49652743e+00
  1.34985852e+00  -1.48163676e+00
  1.36342490e+00  -1.46689415e+00
  1.37712753e+00  -1.45229828e+00
  1.39096785e+00  -1.43784773e+00
  1.40494740e+00  -1.42354083e+00
  1.41906726e+00  -1.40937650e+00
  1.43332911e+00  -1.39535296e+00
  1.44773436e+00  -1.38146889e+00
  1.46228433e+00  -1.36772311e+00
  1.47698057e+00  -1.35411394e+00
  1.49182439e+00  -1.34064043e+00
  1.50681746e+00  -1.32730079e+00
  1.52196121e+00  -1.31409395e+00
  1.53725719e+00  -1.30101848e+00
  1.55270696e+00  -1.28807306e+00
  1.56831193e+00  -1.27525651e+00
  1.58407366e+00  -1.26256752e+00
  1.59999394e+00  -1.25000477e+00
  1.61607409e+00  -1.23756707e+00
  1.63231587e+00  -1.22525311e+00
  1.64872098e+00  -1.21306157e+00
  1.66529083e+00  -1.20099139e+00
  1.68202734e+00  -1.18904126e+00
  1.69893193e+00  -1.17721021e+00
  1.71600652e+00  -1.16549671e+00
  1.73325276e+00  -1.15389979e+00
  1.75067222e+00  -1.14241827e+00
  1.76826668e+00  -1.13105106e+00
  1.78603804e+00  -1.11979699e+00
  1.80398810e+00  -1.10865474e+00
  1.82211840e+00  -1.09762347e+00
  1.84043109e+00  -1.08670187e+00
  1.85892773e+00  -1.07588911e+00
  1.87761021e+00  -1.06518376e+00
  1.89648056e+00  -1.05458498e+00
  1.91554046e+00  -1.04409170e+00
  1.93479192e+00  -1.03370285e+00
  1.95423687e+00  -1.02341735e+00
  1.97387743e+00  -1.01323414e+00
  1.99371517e+00  -1.00315237e+00
  2.01375222e+00  -9.93170857e-01
  2.03399086e+00  -9.83288586e-01
  2.05443287e+00  -9.73504663e-01
  2.07508016e+00  -9.63818192e-01
  2.09593511e+00  -9.54228044e-01
  2.11699963e+00  -9.44733262e-01
  2.13827586e+00  -9.35333014e-01
  2.15976572e+00  -9.26026344e-01
  2.18147182e+00  -9.16812181e-01
  2.20339584e+00  -9.07689810e-01
  2.22554064e+00  -8.98658037e-01
  2.24790764e+00  -8.89716268e-01
  2.27049947e+00  -8.80863428e-01
  2.29331827e+00  -8.72098744e-01
  2.31636643e+00  -8.63421261e-01
  2.33964634e+00  -8.54830027e-01
  2.36316013e+00  -8.46324384e-01
  2.38691044e+00  -8.37903261e-01
  2.41089916e+00  -8.29566002e-01
  2.43512917e+00  -8.21311653e-01
  2.45960259e+00  -8.13139498e-01
  2.48432207e+00  -8.05048585e-01
  2.50928974e+00  -7.97038317e-01
  2.53450871e+00  -7.89107561e-01
  2.55998087e+00  -7.81255841e-01
  2.58570910e+00  -7.73482203e-01
  2.61169600e+00  -7.65785933e-01
  2.63794398e+00  -7.58166194e-01
  2.66445565e+00  -7.50622392e-01
  2.69123387e+00  -7.43153572e-01
  2.71828127e+00  -7.35759020e-01
  2.74560022e+00  -7.28438199e-01
  2.77319407e+00  -7.21190035e-01
  2.80106544e+00  -7.14013994e-01
  2.82921648e+00  -7.06909478e-01
  2.85765076e+00  -6.99875593e-01
  2.88637042e+00  -6.92911744e-01
  2.91537905e+00  -6.86017156e-01
  2.94467902e+00  -6.79191172e-01
  2.97427344e+00  -6.72433138e-01
  3.00416541e+00  -6.65742278e-01
  3.03435779e+00  -6.59118056e-01
  3.06485343e+00  -6.52559757e-01
  3.09565568e+00  -6.46066666e-01
  3.12676764e+00  -6.39638186e-01
  3.15819216e+00  -6.33273661e-01
  3.18993282e+00  -6.26972437e-01
  3.22199202e+00  -6.20733976e-01
  3.25437355e+00  -6.14557624e-01
  3.28708053e+00  -6.08442664e-01
  3.32011628e+00  -6.02388561e-01
  3.35348392e+00  -5.96394718e-01
  3.38718700e+00  -5.90460479e-01
  3.42122889e+00  -5.84585249e-01
  3.45561266e+00  -5.78768551e-01
  3.49034214e+00  -5.73009729e-01
  3.52542067e+00  -5.67308187e-01
  3.56085157e+00  -5.61663389e-01
  3.59663868e+00  -5.56074739e-01
  3.63278604e+00  -5.50541639e-01
  3.66929603e+00  -5.45063674e-01
  3.70617294e+00  -5.39640248e-01
  3.74342060e+00  -5.34270704e-01
  3.78104258e+00  -5.28954625e-01
  3.81904268e+00  -5.23691475e-01
  3.85742474e+00  -5.18480599e-01
  3.89619231e+00  -5.13321698e-01
  3.93534970e+00  -5.08214056e-01
  3.97490072e+00  -5.03157198e-01
  4.01484919e+00  -4.98150706e-01
  4.05519867e+00  -4.93194073e-01
  4.09595490e+00  -4.88286614e-01
  4.13711977e+00  -4.83428121e-01
  4.17869854e+00  -4.78617907e-01
  4.22069502e+00  -4.73855615e-01
  4.26311350e+00  -4.69140679e-01
  4.30595875e+00  -4.64472622e-01
  4.34923410e+00  -4.59851086e-01
  4.39294481e+00  -4.55275476e-01
  4.43709469e+00  -4.50745404e-01
  4.48168802e+00  -4.46260422e-01
  4.52672958e+00  -4.41820085e-01
  4.57222414e+00  -4.37423885e-01
  4.61817551e+00  -4.33071464e-01
  4.66458941e+00  -4.28762287e-01
  4.71146917e+00  -4.24496025e-01
  4.75882053e+00  -4.20272201e-01
  4.80664730e+00  -4.16090429e-01
  4.85495472e+00  -4.11950290e-01
  4.90374804e+00  -4.07851309e-01
  4.95303154e+00  -4.03793097e-01
  5.00281000e+00  -3.99775326e-01
  5.05308914e+00  -3.95797491e-01
  5.10387325e+00  -3.91859263e-01
  5.15516806e+00  -3.87960196e-01
  5.20697832e+00  -3.84099931e-01
  5.25930929e+00  -3.80278081e-01
  5.31216717e+00  -3.76494169e-01
  5.36555529e+00  -3.72747988e-01
  5.41947985e+00  -3.69039118e-01
  5.47394657e+00  -3.65367115e-01
  5.52896023e+00  -3.61731678e-01
  5.58452749e+00  -3.58132362e-01
  5.64065266e+00  -3.54568899e-01
  5.69734192e+00  -3.51040900e-01
  5.75460148e+00  -3.47547948e-01
  5.81243610e+00  -3.44089806e-01
  5.87085199e+00  -3.40666056e-01
  5.92985487e+00  -3.37276369e-01
  5.98945093e+00  -3.33920419e-01
  6.04964638e+00  -3.30597848e-01
  6.11044645e+00  -3.27308327e-01
  6.17185736e+00  -3.24051559e-01
  6.23388529e+00  -3.20827216e-01
  6.29653692e+00  -3.17634910e-01
  6.35981798e+00  -3.14474404e-01
  6.42373514e+00  -3.11345339e-01
  6.48829508e+00  -3.08247387e-01
  6.55350304e+00  -3.05180311e-01
  6.61936712e+00  -3.02143693e-01
  6.68589258e+00  -2.99137324e-01
  6.75308704e+00  -2.96160847e-01
  6.82095718e+00  -2.93213993e-01
  6.88950920e+00  -2.90296435e-01
  6.95874977e+00  -2.87407935e-01
  7.02868605e+00  -2.84548193e-01
  7.09932566e+00  -2.81716883e-01
  7.17067480e+00  -2.78913766e-01
  7.24274158e+00  -2.76138514e-01
  7.31553221e+00  -2.73390919e-01
  7.38905430e+00  -2.70670623e-01
  7.46331549e+00  -2.67977417e-01
  7.53832293e+00  -2.65311003e-01
  7.61408424e+00  -2.62671113e-01
  7.69060707e+00  -2.60057479e-01
  7.76789904e+00  -2.57469863e-01
  7.84596729e+00  -2.54908025e-01
  7.92482090e+00  -2.52371639e-01
  8.00446606e+00  -2.49860510e-01
  8.08491230e+00  -2.47374356e-01
  8.16616726e+00  -2.44912937e-01
  8.24823856e+00  -2.42476016e-01
  8.33113670e+00  -2.40063280e-01
  8.41486549e+00  -2.37674624e-01
  8.49943638e+00  -2.35309720e-01
  8.58485699e+00  -2.32968360e-01
  8.67113590e+00  -2.30650291e-01
  8.75828266e+00  -2.28355274e-01
  8.84630489e+00  -2.26083100e-01
  8.93521118e+00  -2.23833546e-01
  9.02501202e+00  -2.21606359e-01
  9.11571503e+00  -2.19401330e-01
  9.20732880e+00  -2.17218265e-01
  9.29986382e+00  -2.15056911e-01
  9.39332867e+00  -2.12917075e-01
  9.48773384e+00  -2.10798487e-01
  9.58308697e+00  -2.08701015e-01
  9.67939854e+00  -2.06624404e-01
  9.77667809e+00  -2.04568461e-01
  9.87493515e+00  -2.02532977e-01
  9.97417927e+00  -2.00517759e-01
  1.00744219e+01  -1.98522553e-01
  1.01756716e+01  -1.96547225e-01
  1.02779379e+01  -1.94591567e-01
  1.03812332e+01  -1.92655340e-01
  1.04855661e+01  -1.90738395e-01
  1.05909481e+01  -1.88840508e-01
  1.06973915e+01  -1.86961472e-01
  1.08049011e+01  -1.85101181e-01
  1.09134922e+01  -1.83259398e-01
  1.10231752e+01  -1.81435928e-01
  1.11339598e+01  -1.79630607e-01
  1.12458572e+01  -1.77843273e-01
  1.13588800e+01  -1.76073700e-01
  1.14730387e+01  -1.74321741e-01
  1.15883446e+01  -1.72587201e-01
  1.17048092e+01  -1.70869932e-01
  1.18224440e+01  -1.69169754e-01
  1.19412622e+01  -1.67486489e-01
  1.20612736e+01  -1.65819973e-01
  1.21824913e+01  -1.64170027e-01
  1.23049269e+01  -1.62536517e-01
  1.24285936e+01  -1.60919249e-01
  1.25535030e+01  -1.59318075e-01
  1.26796675e+01  -1.57732844e-01
  1.28071003e+01  -1.56163380e-01
  1.29358139e+01  -1.54609516e-01
  1.30658207e+01  -1.53071135e-01
  1.31971340e+01  -1.51548058e-01
  1.33297672e+01  -1.50040135e-01
  1.34637337e+01  -1.48547202e-01
  1.35990458e+01  -1.47069141e-01
  1.37357187e+01  -1.45605773e-01
  1.38737679e+01  -1.44156948e-01
  1.40132017e+01  -1.42722562e-01
  1.41540365e+01  -1.41302451e-01
  1.42962866e+01  -1.39896467e-01
  1.44399672e+01  -1.38504475e-01
  1.45850906e+01  -1.37126327e-01
  1.47316732e+01  -1.35761902e-01
  1.48797293e+01  -1.34411052e-01
  1.50292721e+01  -1.33073643e-01
  1.51803188e+01  -1.31749541e-01
  1.53328838e+01  -1.30438611e-01
  1.54869814e+01  -1.29140720e-01
  1.56426277e+01  -1.27855763e-01
  1.57998390e+01  -1.26583561e-01
  1.59586296e+01  -1.25324041e-01
  1.61190166e+01  -1.24077044e-01
  1.62810154e+01  -1.22842461e-01
  1.64446411e+01  -1.21620171e-01
  1.66099129e+01  -1.20410025e-01
  1.67768459e+01  -1.19211920e-01
  1.69454556e+01  -1.18025742e-01
  1.71157608e+01  -1.16851367e-01
  1.72877769e+01  -1.15688674e-01
  1.74615211e+01  -1.14537559e-01
  1.76370125e+01  -1.13397889e-01
  1.78142662e+01  -1.12269573e-01
  1.79933071e+01  -1.11152440e-01
  1.81741428e+01  -1.10046454e-01
  1.83567963e+01  -1.08951472e-01
  1.85412846e+01  -1.07867390e-01
  1.87276268e+01  -1.06794097e-01
  1.89158421e+01  -1.05731480e-01
  1.91059494e+01  -1.04679435e-01
  1.92979679e+01  -1.03637852e-01
  1.94919147e+01  -1.02606647e-01
  1.96878128e+01  -1.01585686e-01
  1.98856773e+01  -1.00574903e-01
  2.00855312e+01  -9.95741636e-02
  2.02873955e+01  -9.85833779e-02
  2.04912872e+01  -9.76024568e-02
  2.06972275e+01  -9.66313034e-02
  2.09052372e+01  -9.56698060e-02
  2.11153393e+01  -9.47178751e-02
  2.13275509e+01  -9.37754214e-02
  2.15418968e+01  -9.28423330e-02
  2.17583961e+01  -9.19185430e-02
  2.19770718e+01  -9.10039321e-02
  2.21979446e+01  -9.00984332e-02
  2.24210358e+01  -8.92019421e-02
  2.26463718e+01  -8.83143693e-02
  2.28739719e+01  -8.74356255e-02
  2.31038647e+01  -8.65656063e-02
  2.33360615e+01  -8.57042670e-02
  2.35705929e+01  -8.48514959e-02
  2.38074799e+01  -8.40072110e-02
  2.40467491e+01  -8.31713229e-02
  2.42884235e+01  -8.23437572e-02
  2.45325260e+01  -8.15244243e-02
  2.47790813e+01  -8.07132423e-02
  2.50281143e+01  -7.99101368e-02
  2.52796516e+01  -7.91150108e-02
  2.55337162e+01  -7.83278048e-02
  2.57903347e+01  -7.75484294e-02
  2.60495300e+01  -7.67768174e-02
  2.63113327e+01  -7.60128722e-02
  2.65757656e+01  -7.52565339e-02
  2.68428555e+01  -7.45077208e-02
  2.71126308e+01  -7.37663582e-02
  2.73851166e+01  -7.30323717e-02
  2.76603413e+01  -7.23056868e-02
  2.79383335e+01  -7.15862289e-02
  2.82191181e+01  -7.08739385e-02
  2.85027237e+01  -7.01687336e-02
  2.87891808e+01  -6.94705397e-02
  2.90785160e+01  -6.87792972e-02
  2.93707600e+01  -6.80949390e-02
  2.96659412e+01  -6.74173757e-02
  2.99640961e+01  -6.67465478e-02
  3.02652397e+01  -6.60824105e-02
  3.05694103e+01  -6.54248819e-02
  3.08766384e+01  -6.47738874e-02
  3.11869526e+01  -6.41293824e-02
  3.15003872e+01  -6.34912848e-02
  3.18169708e+01  -6.28595352e-02
  3.21367340e+01  -6.22340776e-02
  3.24597168e+01  -6.16148338e-02
  3.27859421e+01  -6.10017553e-02
  3.31154442e+01  -6.03947826e-02
  3.34482613e+01  -5.97938411e-02
  3.37844200e+01  -5.91988862e-02
  3.41239586e+01  -5.86098470e-02
  3.44669113e+01  -5.80266677e-02
  3.48133087e+01  -5.74492924e-02
  3.51631851e+01  -5.68776689e-02
  3.55165825e+01  -5.63117228e-02
  3.58735313e+01  -5.57514131e-02
  3.62340660e+01  -5.51966764e-02
  3.65982208e+01  -5.46474643e-02
  3.69660416e+01  -5.41037098e-02
  3.73375549e+01  -5.35653718e-02
  3.77128029e+01  -5.30323870e-02
  3.80918236e+01  -5.25047071e-02
  3.84746590e+01  -5.19822687e-02
  3.88613358e+01  -5.14650345e-02
  3.92518997e+01  -5.09529486e-02
  3.96463890e+01  -5.04459552e-02
  4.00448380e+01  -4.99440171e-02
  4.04472961e+01  -4.94470634e-02
  4.08537979e+01  -4.89550568e-02
  4.12643852e+01  -4.84679453e-02
  4.16791000e+01  -4.79856804e-02
  4.20979805e+01  -4.75082174e-02
  4.25210724e+01  -4.70355041e-02
  4.29484138e+01  -4.65674922e-02
  4.33800545e+01  -4.61041369e-02
  4.38160286e+01  -4.56453972e-02
  4.42563896e+01  -4.51912135e-02
  4.47011719e+01  -4.47415560e-02
  4.51504250e+01  -4.42963727e-02
  4.56041946e+01  -4.38556150e-02
  4.60625229e+01  -4.34192456e-02
  4.65254593e+01  -4.29872163e-02
  4.69930458e+01  -4.25594896e-02
  4.74653358e+01  -4.21360135e-02
  4.79423676e+01  -4.17167544e-02
  4.84241982e+01  -4.13016640e-02
  4.89108696e+01  -4.08907048e-02
  4.94024315e+01  -4.04838361e-02
  4.98989449e+01  -4.00810093e-02
  5.04004364e+01  -3.96821946e-02
  5.09069672e+01  -3.92873548e-02
  5.14185905e+01  -3.88964377e-02
  5.19353561e+01  -3.85094099e-02
  5.24573174e+01  -3.81262340e-02
  5.29845200e+01  -3.77468728e-02
  5.35170212e+01  -3.73712890e-02
  5.40548782e+01  -3.69994342e-02
  5.45981369e+01  -3.66312861e-02
  5.51468582e+01  -3.62668000e-02
  5.57010765e+01  -3.59059498e-02
  5.62608948e+01  -3.55486721e-02
  5.68263397e+01  -3.51949483e-02
  5.73974419e+01  -3.48447599e-02
  5.79743080e+01  -3.44980396e-02
  5.85569458e+01  -3.41547877e-02
  5.91454659e+01  -3.38149332e-02
  5.97398720e+01  -3.34784798e-02
  6.03402824e+01  -3.31453532e-02
  6.09466972e+01  -3.28155607e-02
  6.15592346e+01  -3.24890316e-02
  6.21779022e+01  -3.21657695e-02
  6.28028145e+01  -3.18457074e-02
  6.34339752e+01  -3.15288454e-02
  6.40715103e+01  -3.12151220e-02
  6.47154236e+01  -3.09045333e-02
  6.53658447e+01  -3.05970199e-02
  6.60227661e+01  -3.02925818e-02
  6.66863174e+01  -2.99911592e-02
  6.73565140e+01  -2.96927486e-02
  6.80334702e+01  -2.93972958e-02
  6.87172012e+01  -2.91047934e-02
  6.94078369e+01  -2.88151894e-02
  7.01053772e+01  -2.85284817e-02
  7.08099670e+01  -2.82446109e-02
  7.15215988e+01  -2.79635806e-02
  7.22404175e+01  -2.76853330e-02
  7.29664688e+01  -2.74098497e-02
  7.36997757e+01  -2.71371249e-02
  7.44404831e+01  -2.68671010e-02
  7.51886063e+01  -2.65997741e-02
  7.59442825e+01  -2.63350960e-02
  7.67075119e+01  -2.60730665e-02
  7.74784546e+01  -2.58136280e-02
  7.82571106e+01  -2.55567823e-02
  7.90436249e+01  -2.53024828e-02
  7.98380051e+01  -2.50507258e-02
  8.06404114e+01  -2.48014610e-02
  8.14508362e+01  -2.45546903e-02
  8.22694473e+01  -2.43103616e-02
  8.30962524e+01  -2.40684748e-02
  8.39314041e+01  -2.38289833e-02
  8.47749023e+01  -2.35918872e-02
  8.56269302e+01  -2.33571380e-02
  8.64874725e+01  -2.31247358e-02
  8.73567047e+01  -2.28946358e-02
  8.82346344e+01  -2.26668362e-02
  8.91214218e+01  -2.24412940e-02
  9.00170898e+01  -2.22180039e-02
  9.09217987e+01  -2.19969247e-02
  9.18355560e+01  -2.17780564e-02
  9.27585373e+01  -2.15613581e-02
  9.36907501e+01  -2.13468242e-02
  9.46323776e+01  -2.11344156e-02
  9.55834732e+01  -2.09241193e-02
  9.65440826e+01  -2.07159258e-02
  9.75143890e+01  -2.05097944e-02
  9.84944000e+01  -2.03057230e-02
  9.94843063e+01  -2.01036725e-02
